[2026-07-09 07:50:27.342] production.error: [119.183ms] [rows:0] SELECT * FROM `users` WHERE `email` = 'supervisor@moh.go.ug' ORDER BY `users`.`id` LIMIT 1	Error 1146 (42S02): Table 'moh_pms.users' doesn't exist
[Context] map[trace.traceContextKeyType:{Span:<nil> sc:{traceID:[0 0 0 0 0 0 0 0 0 0 0 0 0 0 0 0] spanID:[0 0 0 0 0 0 0 0] traceFlags:0 traceState:{list:[]} remote:false}}]
[Trace] /go/pkg/mod/github.com/goravel/framework@v1.18.0/log/writer.go:209 [log.(*Writer).withStackTrace]
/go/pkg/mod/github.com/goravel/framework@v1.18.0/log/writer.go:65 [log.(*Writer).Errorf]
/go/pkg/mod/github.com/goravel/framework@v1.18.0/database/db/logger.go:79 [db.(*Logger).Errorf]
/go/pkg/mod/github.com/goravel/framework@v1.18.0/database/db/logger.go:102 [db.(*Logger).Trace]
/go/pkg/mod/github.com/goravel/framework@v1.18.0/database/db/logger.go:153 [db.(*Gorm).Trace]
/go/pkg/mod/gorm.io/gorm@v1.31.2/callbacks.go:140 [gorm.(*processor).Execute]
/go/pkg/mod/gorm.io/gorm@v1.31.2/finisher_api.go:141 [gorm.(*DB).First]
/go/pkg/mod/github.com/goravel/framework@v1.18.0/database/gorm/query.go:307 [gorm.(*Query).First]
/app/app/services/auth_service.go:44 [services.(*AuthService).Login]
/app/app/http/controllers/auth_controller.go:39 [controllers.(*AuthController).Login]
/go/pkg/mod/github.com/goravel/gin@v1.18.0/utils.go:37 [gin.(*Group).Post.handlerToGinHandler.func1]
/go/pkg/mod/github.com/gin-gonic/gin@v1.12.0/context.go:192 [gin.(*Context).Next]
/go/pkg/mod/github.com/goravel/gin@v1.18.0/context_request.go:233 [gin.(*ContextRequest).Next]
/go/pkg/mod/github.com/goravel/gin@v1.18.0/context_response.go:164 [gin.(*responseMiddleware).Handle]
/go/pkg/mod/github.com/goravel/gin@v1.18.0/utils.go:66 [gin.(*Group).WithMiddlewares.middlewaresToGinHandlers.middlewareToGinHandler.func1]
/go/pkg/mod/github.com/gin-gonic/gin@v1.12.0/context.go:192 [gin.(*Context).Next]
/go/pkg/mod/github.com/goravel/gin@v1.18.0/context_request.go:233 [gin.(*ContextRequest).Next]
/go/pkg/mod/github.com/goravel/framework@v1.18.0/http/middleware/check_for_maintenance_mode.go:34 [middleware.(*maintenanceMode).Handle]
/go/pkg/mod/github.com/goravel/gin@v1.18.0/utils.go:66 [gin.(*Route).init.middlewaresToGinHandlers.middlewareToGinHandler.func1]
/go/pkg/mod/github.com/gin-gonic/gin@v1.12.0/context.go:192 [gin.(*Context).Next]
/go/pkg/mod/github.com/goravel/gin@v1.18.0/context_request.go:233 [gin.(*ContextRequest).Next]
/go/pkg/mod/github.com/goravel/gin@v1.18.0/middleware_tls.go:23 [gin.(*TlsMiddleware).Handle]
/go/pkg/mod/github.com/goravel/gin@v1.18.0/utils.go:66 [gin.(*Route).init.middlewaresToGinHandlers.middlewareToGinHandler.func1]
/go/pkg/mod/github.com/gin-gonic/gin@v1.12.0/context.go:192 [gin.(*Context).Next]
/go/pkg/mod/github.com/goravel/gin@v1.18.0/context_request.go:233 [gin.(*ContextRequest).Next]
/go/pkg/mod/github.com/goravel/gin@v1.18.0/middleware_cors.go:68 [gin.(*CorsMiddleware).Handle]
/go/pkg/mod/github.com/goravel/gin@v1.18.0/utils.go:66 [gin.(*Route).init.middlewaresToGinHandlers.middlewareToGinHandler.func1]
/go/pkg/mod/github.com/gin-gonic/gin@v1.12.0/context.go:192 [gin.(*Context).Next]
[2026-07-09 07:50:28.714] production.error: [8.931ms] [rows:0] SELECT * FROM `users` WHERE `email` = 'supervisor@moh.go.ug' ORDER BY `users`.`id` LIMIT 1	Error 1146 (42S02): Table 'moh_pms.users' doesn't exist
[Context] map[trace.traceContextKeyType:{Span:<nil> sc:{traceID:[0 0 0 0 0 0 0 0 0 0 0 0 0 0 0 0] spanID:[0 0 0 0 0 0 0 0] traceFlags:0 traceState:{list:[]} remote:false}}]
[Trace] /go/pkg/mod/github.com/goravel/framework@v1.18.0/log/writer.go:209 [log.(*Writer).withStackTrace]
/go/pkg/mod/github.com/goravel/framework@v1.18.0/log/writer.go:65 [log.(*Writer).Errorf]
/go/pkg/mod/github.com/goravel/framework@v1.18.0/database/db/logger.go:79 [db.(*Logger).Errorf]
/go/pkg/mod/github.com/goravel/framework@v1.18.0/database/db/logger.go:102 [db.(*Logger).Trace]
/go/pkg/mod/github.com/goravel/framework@v1.18.0/database/db/logger.go:153 [db.(*Gorm).Trace]
/go/pkg/mod/gorm.io/gorm@v1.31.2/callbacks.go:140 [gorm.(*processor).Execute]
/go/pkg/mod/gorm.io/gorm@v1.31.2/finisher_api.go:141 [gorm.(*DB).First]
/go/pkg/mod/github.com/goravel/framework@v1.18.0/database/gorm/query.go:307 [gorm.(*Query).First]
/app/app/services/auth_service.go:44 [services.(*AuthService).Login]
/app/app/http/controllers/auth_controller.go:39 [controllers.(*AuthController).Login]
/go/pkg/mod/github.com/goravel/gin@v1.18.0/utils.go:37 [gin.(*Group).Post.handlerToGinHandler.func1]
/go/pkg/mod/github.com/gin-gonic/gin@v1.12.0/context.go:192 [gin.(*Context).Next]
/go/pkg/mod/github.com/goravel/gin@v1.18.0/context_request.go:233 [gin.(*ContextRequest).Next]
/go/pkg/mod/github.com/goravel/gin@v1.18.0/context_response.go:164 [gin.(*responseMiddleware).Handle]
/go/pkg/mod/github.com/goravel/gin@v1.18.0/utils.go:66 [gin.(*Group).WithMiddlewares.middlewaresToGinHandlers.middlewareToGinHandler.func1]
/go/pkg/mod/github.com/gin-gonic/gin@v1.12.0/context.go:192 [gin.(*Context).Next]
/go/pkg/mod/github.com/goravel/gin@v1.18.0/context_request.go:233 [gin.(*ContextRequest).Next]
/go/pkg/mod/github.com/goravel/framework@v1.18.0/http/middleware/check_for_maintenance_mode.go:34 [middleware.(*maintenanceMode).Handle]
/go/pkg/mod/github.com/goravel/gin@v1.18.0/utils.go:66 [gin.(*Route).init.middlewaresToGinHandlers.middlewareToGinHandler.func1]
/go/pkg/mod/github.com/gin-gonic/gin@v1.12.0/context.go:192 [gin.(*Context).Next]
/go/pkg/mod/github.com/goravel/gin@v1.18.0/context_request.go:233 [gin.(*ContextRequest).Next]
/go/pkg/mod/github.com/goravel/gin@v1.18.0/middleware_tls.go:23 [gin.(*TlsMiddleware).Handle]
/go/pkg/mod/github.com/goravel/gin@v1.18.0/utils.go:66 [gin.(*Route).init.middlewaresToGinHandlers.middlewareToGinHandler.func1]
/go/pkg/mod/github.com/gin-gonic/gin@v1.12.0/context.go:192 [gin.(*Context).Next]
/go/pkg/mod/github.com/goravel/gin@v1.18.0/context_request.go:233 [gin.(*ContextRequest).Next]
/go/pkg/mod/github.com/goravel/gin@v1.18.0/middleware_cors.go:68 [gin.(*CorsMiddleware).Handle]
/go/pkg/mod/github.com/goravel/gin@v1.18.0/utils.go:66 [gin.(*Route).init.middlewaresToGinHandlers.middlewareToGinHandler.func1]
/go/pkg/mod/github.com/gin-gonic/gin@v1.12.0/context.go:192 [gin.(*Context).Next]
[2026-07-09 07:50:28.927] production.error: [0.828ms] [rows:0] SELECT * FROM `users` WHERE `email` = 'supervisor@moh.go.ug' ORDER BY `users`.`id` LIMIT 1	Error 1146 (42S02): Table 'moh_pms.users' doesn't exist
[Context] map[trace.traceContextKeyType:{Span:<nil> sc:{traceID:[0 0 0 0 0 0 0 0 0 0 0 0 0 0 0 0] spanID:[0 0 0 0 0 0 0 0] traceFlags:0 traceState:{list:[]} remote:false}}]
[Trace] /go/pkg/mod/github.com/goravel/framework@v1.18.0/log/writer.go:209 [log.(*Writer).withStackTrace]
/go/pkg/mod/github.com/goravel/framework@v1.18.0/log/writer.go:65 [log.(*Writer).Errorf]
/go/pkg/mod/github.com/goravel/framework@v1.18.0/database/db/logger.go:79 [db.(*Logger).Errorf]
/go/pkg/mod/github.com/goravel/framework@v1.18.0/database/db/logger.go:102 [db.(*Logger).Trace]
/go/pkg/mod/github.com/goravel/framework@v1.18.0/database/db/logger.go:153 [db.(*Gorm).Trace]
/go/pkg/mod/gorm.io/gorm@v1.31.2/callbacks.go:140 [gorm.(*processor).Execute]
/go/pkg/mod/gorm.io/gorm@v1.31.2/finisher_api.go:141 [gorm.(*DB).First]
/go/pkg/mod/github.com/goravel/framework@v1.18.0/database/gorm/query.go:307 [gorm.(*Query).First]
/app/app/services/auth_service.go:44 [services.(*AuthService).Login]
/app/app/http/controllers/auth_controller.go:39 [controllers.(*AuthController).Login]
/go/pkg/mod/github.com/goravel/gin@v1.18.0/utils.go:37 [gin.(*Group).Post.handlerToGinHandler.func1]
/go/pkg/mod/github.com/gin-gonic/gin@v1.12.0/context.go:192 [gin.(*Context).Next]
/go/pkg/mod/github.com/goravel/gin@v1.18.0/context_request.go:233 [gin.(*ContextRequest).Next]
/go/pkg/mod/github.com/goravel/gin@v1.18.0/context_response.go:164 [gin.(*responseMiddleware).Handle]
/go/pkg/mod/github.com/goravel/gin@v1.18.0/utils.go:66 [gin.(*Group).WithMiddlewares.middlewaresToGinHandlers.middlewareToGinHandler.func1]
/go/pkg/mod/github.com/gin-gonic/gin@v1.12.0/context.go:192 [gin.(*Context).Next]
/go/pkg/mod/github.com/goravel/gin@v1.18.0/context_request.go:233 [gin.(*ContextRequest).Next]
/go/pkg/mod/github.com/goravel/framework@v1.18.0/http/middleware/check_for_maintenance_mode.go:34 [middleware.(*maintenanceMode).Handle]
/go/pkg/mod/github.com/goravel/gin@v1.18.0/utils.go:66 [gin.(*Route).init.middlewaresToGinHandlers.middlewareToGinHandler.func1]
/go/pkg/mod/github.com/gin-gonic/gin@v1.12.0/context.go:192 [gin.(*Context).Next]
/go/pkg/mod/github.com/goravel/gin@v1.18.0/context_request.go:233 [gin.(*ContextRequest).Next]
/go/pkg/mod/github.com/goravel/gin@v1.18.0/middleware_tls.go:23 [gin.(*TlsMiddleware).Handle]
/go/pkg/mod/github.com/goravel/gin@v1.18.0/utils.go:66 [gin.(*Route).init.middlewaresToGinHandlers.middlewareToGinHandler.func1]
/go/pkg/mod/github.com/gin-gonic/gin@v1.12.0/context.go:192 [gin.(*Context).Next]
/go/pkg/mod/github.com/goravel/gin@v1.18.0/context_request.go:233 [gin.(*ContextRequest).Next]
/go/pkg/mod/github.com/goravel/gin@v1.18.0/middleware_cors.go:68 [gin.(*CorsMiddleware).Handle]
/go/pkg/mod/github.com/goravel/gin@v1.18.0/utils.go:66 [gin.(*Route).init.middlewaresToGinHandlers.middlewareToGinHandler.func1]
/go/pkg/mod/github.com/gin-gonic/gin@v1.12.0/context.go:192 [gin.(*Context).Next]
[2026-07-09 07:50:29.177] production.error: [0.676ms] [rows:0] SELECT * FROM `users` WHERE `email` = 'supervisor@moh.go.ug' ORDER BY `users`.`id` LIMIT 1	Error 1146 (42S02): Table 'moh_pms.users' doesn't exist
[Context] map[trace.traceContextKeyType:{Span:<nil> sc:{traceID:[0 0 0 0 0 0 0 0 0 0 0 0 0 0 0 0] spanID:[0 0 0 0 0 0 0 0] traceFlags:0 traceState:{list:[]} remote:false}}]
[Trace] /go/pkg/mod/github.com/goravel/framework@v1.18.0/log/writer.go:209 [log.(*Writer).withStackTrace]
/go/pkg/mod/github.com/goravel/framework@v1.18.0/log/writer.go:65 [log.(*Writer).Errorf]
/go/pkg/mod/github.com/goravel/framework@v1.18.0/database/db/logger.go:79 [db.(*Logger).Errorf]
/go/pkg/mod/github.com/goravel/framework@v1.18.0/database/db/logger.go:102 [db.(*Logger).Trace]
/go/pkg/mod/github.com/goravel/framework@v1.18.0/database/db/logger.go:153 [db.(*Gorm).Trace]
/go/pkg/mod/gorm.io/gorm@v1.31.2/callbacks.go:140 [gorm.(*processor).Execute]
/go/pkg/mod/gorm.io/gorm@v1.31.2/finisher_api.go:141 [gorm.(*DB).First]
/go/pkg/mod/github.com/goravel/framework@v1.18.0/database/gorm/query.go:307 [gorm.(*Query).First]
/app/app/services/auth_service.go:44 [services.(*AuthService).Login]
/app/app/http/controllers/auth_controller.go:39 [controllers.(*AuthController).Login]
/go/pkg/mod/github.com/goravel/gin@v1.18.0/utils.go:37 [gin.(*Group).Post.handlerToGinHandler.func1]
/go/pkg/mod/github.com/gin-gonic/gin@v1.12.0/context.go:192 [gin.(*Context).Next]
/go/pkg/mod/github.com/goravel/gin@v1.18.0/context_request.go:233 [gin.(*ContextRequest).Next]
/go/pkg/mod/github.com/goravel/gin@v1.18.0/context_response.go:164 [gin.(*responseMiddleware).Handle]
/go/pkg/mod/github.com/goravel/gin@v1.18.0/utils.go:66 [gin.(*Group).WithMiddlewares.middlewaresToGinHandlers.middlewareToGinHandler.func1]
/go/pkg/mod/github.com/gin-gonic/gin@v1.12.0/context.go:192 [gin.(*Context).Next]
/go/pkg/mod/github.com/goravel/gin@v1.18.0/context_request.go:233 [gin.(*ContextRequest).Next]
/go/pkg/mod/github.com/goravel/framework@v1.18.0/http/middleware/check_for_maintenance_mode.go:34 [middleware.(*maintenanceMode).Handle]
/go/pkg/mod/github.com/goravel/gin@v1.18.0/utils.go:66 [gin.(*Route).init.middlewaresToGinHandlers.middlewareToGinHandler.func1]
/go/pkg/mod/github.com/gin-gonic/gin@v1.12.0/context.go:192 [gin.(*Context).Next]
/go/pkg/mod/github.com/goravel/gin@v1.18.0/context_request.go:233 [gin.(*ContextRequest).Next]
/go/pkg/mod/github.com/goravel/gin@v1.18.0/middleware_tls.go:23 [gin.(*TlsMiddleware).Handle]
/go/pkg/mod/github.com/goravel/gin@v1.18.0/utils.go:66 [gin.(*Route).init.middlewaresToGinHandlers.middlewareToGinHandler.func1]
/go/pkg/mod/github.com/gin-gonic/gin@v1.12.0/context.go:192 [gin.(*Context).Next]
/go/pkg/mod/github.com/goravel/gin@v1.18.0/context_request.go:233 [gin.(*ContextRequest).Next]
/go/pkg/mod/github.com/goravel/gin@v1.18.0/middleware_cors.go:68 [gin.(*CorsMiddleware).Handle]
/go/pkg/mod/github.com/goravel/gin@v1.18.0/utils.go:66 [gin.(*Route).init.middlewaresToGinHandlers.middlewareToGinHandler.func1]
/go/pkg/mod/github.com/gin-gonic/gin@v1.12.0/context.go:192 [gin.(*Context).Next]
[2026-07-09 07:50:29.38] production.error: [2.736ms] [rows:0] SELECT * FROM `users` WHERE `email` = 'supervisor@moh.go.ug' ORDER BY `users`.`id` LIMIT 1	Error 1146 (42S02): Table 'moh_pms.users' doesn't exist
[Context] map[trace.traceContextKeyType:{Span:<nil> sc:{traceID:[0 0 0 0 0 0 0 0 0 0 0 0 0 0 0 0] spanID:[0 0 0 0 0 0 0 0] traceFlags:0 traceState:{list:[]} remote:false}}]
[Trace] /go/pkg/mod/github.com/goravel/framework@v1.18.0/log/writer.go:209 [log.(*Writer).withStackTrace]
/go/pkg/mod/github.com/goravel/framework@v1.18.0/log/writer.go:65 [log.(*Writer).Errorf]
/go/pkg/mod/github.com/goravel/framework@v1.18.0/database/db/logger.go:79 [db.(*Logger).Errorf]
/go/pkg/mod/github.com/goravel/framework@v1.18.0/database/db/logger.go:102 [db.(*Logger).Trace]
/go/pkg/mod/github.com/goravel/framework@v1.18.0/database/db/logger.go:153 [db.(*Gorm).Trace]
/go/pkg/mod/gorm.io/gorm@v1.31.2/callbacks.go:140 [gorm.(*processor).Execute]
/go/pkg/mod/gorm.io/gorm@v1.31.2/finisher_api.go:141 [gorm.(*DB).First]
/go/pkg/mod/github.com/goravel/framework@v1.18.0/database/gorm/query.go:307 [gorm.(*Query).First]
/app/app/services/auth_service.go:44 [services.(*AuthService).Login]
/app/app/http/controllers/auth_controller.go:39 [controllers.(*AuthController).Login]
/go/pkg/mod/github.com/goravel/gin@v1.18.0/utils.go:37 [gin.(*Group).Post.handlerToGinHandler.func1]
/go/pkg/mod/github.com/gin-gonic/gin@v1.12.0/context.go:192 [gin.(*Context).Next]
/go/pkg/mod/github.com/goravel/gin@v1.18.0/context_request.go:233 [gin.(*ContextRequest).Next]
/go/pkg/mod/github.com/goravel/gin@v1.18.0/context_response.go:164 [gin.(*responseMiddleware).Handle]
/go/pkg/mod/github.com/goravel/gin@v1.18.0/utils.go:66 [gin.(*Group).WithMiddlewares.middlewaresToGinHandlers.middlewareToGinHandler.func1]
/go/pkg/mod/github.com/gin-gonic/gin@v1.12.0/context.go:192 [gin.(*Context).Next]
/go/pkg/mod/github.com/goravel/gin@v1.18.0/context_request.go:233 [gin.(*ContextRequest).Next]
/go/pkg/mod/github.com/goravel/framework@v1.18.0/http/middleware/check_for_maintenance_mode.go:34 [middleware.(*maintenanceMode).Handle]
/go/pkg/mod/github.com/goravel/gin@v1.18.0/utils.go:66 [gin.(*Route).init.middlewaresToGinHandlers.middlewareToGinHandler.func1]
/go/pkg/mod/github.com/gin-gonic/gin@v1.12.0/context.go:192 [gin.(*Context).Next]
/go/pkg/mod/github.com/goravel/gin@v1.18.0/context_request.go:233 [gin.(*ContextRequest).Next]
/go/pkg/mod/github.com/goravel/gin@v1.18.0/middleware_tls.go:23 [gin.(*TlsMiddleware).Handle]
/go/pkg/mod/github.com/goravel/gin@v1.18.0/utils.go:66 [gin.(*Route).init.middlewaresToGinHandlers.middlewareToGinHandler.func1]
/go/pkg/mod/github.com/gin-gonic/gin@v1.12.0/context.go:192 [gin.(*Context).Next]
/go/pkg/mod/github.com/goravel/gin@v1.18.0/context_request.go:233 [gin.(*ContextRequest).Next]
/go/pkg/mod/github.com/goravel/gin@v1.18.0/middleware_cors.go:68 [gin.(*CorsMiddleware).Handle]
/go/pkg/mod/github.com/goravel/gin@v1.18.0/utils.go:66 [gin.(*Route).init.middlewaresToGinHandlers.middlewareToGinHandler.func1]
/go/pkg/mod/github.com/gin-gonic/gin@v1.12.0/context.go:192 [gin.(*Context).Next]
[2026-07-09 07:50:31.618] production.error: [10.192ms] [rows:0] SELECT * FROM `users` WHERE `email` = 'hr@moh.go.ug' ORDER BY `users`.`id` LIMIT 1	Error 1146 (42S02): Table 'moh_pms.users' doesn't exist
[Context] map[trace.traceContextKeyType:{Span:<nil> sc:{traceID:[0 0 0 0 0 0 0 0 0 0 0 0 0 0 0 0] spanID:[0 0 0 0 0 0 0 0] traceFlags:0 traceState:{list:[]} remote:false}}]
[Trace] /go/pkg/mod/github.com/goravel/framework@v1.18.0/log/writer.go:209 [log.(*Writer).withStackTrace]
/go/pkg/mod/github.com/goravel/framework@v1.18.0/log/writer.go:65 [log.(*Writer).Errorf]
/go/pkg/mod/github.com/goravel/framework@v1.18.0/database/db/logger.go:79 [db.(*Logger).Errorf]
/go/pkg/mod/github.com/goravel/framework@v1.18.0/database/db/logger.go:102 [db.(*Logger).Trace]
/go/pkg/mod/github.com/goravel/framework@v1.18.0/database/db/logger.go:153 [db.(*Gorm).Trace]
/go/pkg/mod/gorm.io/gorm@v1.31.2/callbacks.go:140 [gorm.(*processor).Execute]
/go/pkg/mod/gorm.io/gorm@v1.31.2/finisher_api.go:141 [gorm.(*DB).First]
/go/pkg/mod/github.com/goravel/framework@v1.18.0/database/gorm/query.go:307 [gorm.(*Query).First]
/app/app/services/auth_service.go:44 [services.(*AuthService).Login]
/app/app/http/controllers/auth_controller.go:39 [controllers.(*AuthController).Login]
/go/pkg/mod/github.com/goravel/gin@v1.18.0/utils.go:37 [gin.(*Group).Post.handlerToGinHandler.func1]
/go/pkg/mod/github.com/gin-gonic/gin@v1.12.0/context.go:192 [gin.(*Context).Next]
/go/pkg/mod/github.com/goravel/gin@v1.18.0/context_request.go:233 [gin.(*ContextRequest).Next]
/go/pkg/mod/github.com/goravel/gin@v1.18.0/context_response.go:164 [gin.(*responseMiddleware).Handle]
/go/pkg/mod/github.com/goravel/gin@v1.18.0/utils.go:66 [gin.(*Group).WithMiddlewares.middlewaresToGinHandlers.middlewareToGinHandler.func1]
/go/pkg/mod/github.com/gin-gonic/gin@v1.12.0/context.go:192 [gin.(*Context).Next]
/go/pkg/mod/github.com/goravel/gin@v1.18.0/context_request.go:233 [gin.(*ContextRequest).Next]
/go/pkg/mod/github.com/goravel/framework@v1.18.0/http/middleware/check_for_maintenance_mode.go:34 [middleware.(*maintenanceMode).Handle]
/go/pkg/mod/github.com/goravel/gin@v1.18.0/utils.go:66 [gin.(*Route).init.middlewaresToGinHandlers.middlewareToGinHandler.func1]
/go/pkg/mod/github.com/gin-gonic/gin@v1.12.0/context.go:192 [gin.(*Context).Next]
/go/pkg/mod/github.com/goravel/gin@v1.18.0/context_request.go:233 [gin.(*ContextRequest).Next]
/go/pkg/mod/github.com/goravel/gin@v1.18.0/middleware_tls.go:23 [gin.(*TlsMiddleware).Handle]
/go/pkg/mod/github.com/goravel/gin@v1.18.0/utils.go:66 [gin.(*Route).init.middlewaresToGinHandlers.middlewareToGinHandler.func1]
/go/pkg/mod/github.com/gin-gonic/gin@v1.12.0/context.go:192 [gin.(*Context).Next]
/go/pkg/mod/github.com/goravel/gin@v1.18.0/context_request.go:233 [gin.(*ContextRequest).Next]
/go/pkg/mod/github.com/goravel/gin@v1.18.0/middleware_cors.go:68 [gin.(*CorsMiddleware).Handle]
/go/pkg/mod/github.com/goravel/gin@v1.18.0/utils.go:66 [gin.(*Route).init.middlewaresToGinHandlers.middlewareToGinHandler.func1]
/go/pkg/mod/github.com/gin-gonic/gin@v1.12.0/context.go:192 [gin.(*Context).Next]
[2026-07-09 07:51:21.434] production.error: [17.742ms] [rows:0] SELECT * FROM `users` WHERE `email` = 'worker@moh.go.ug' ORDER BY `users`.`id` LIMIT 1	Error 1146 (42S02): Table 'moh_pms.users' doesn't exist
[Context] map[trace.traceContextKeyType:{Span:<nil> sc:{traceID:[0 0 0 0 0 0 0 0 0 0 0 0 0 0 0 0] spanID:[0 0 0 0 0 0 0 0] traceFlags:0 traceState:{list:[]} remote:false}}]
[Trace] /go/pkg/mod/github.com/goravel/framework@v1.18.0/log/writer.go:209 [log.(*Writer).withStackTrace]
/go/pkg/mod/github.com/goravel/framework@v1.18.0/log/writer.go:65 [log.(*Writer).Errorf]
/go/pkg/mod/github.com/goravel/framework@v1.18.0/database/db/logger.go:79 [db.(*Logger).Errorf]
/go/pkg/mod/github.com/goravel/framework@v1.18.0/database/db/logger.go:102 [db.(*Logger).Trace]
/go/pkg/mod/github.com/goravel/framework@v1.18.0/database/db/logger.go:153 [db.(*Gorm).Trace]
/go/pkg/mod/gorm.io/gorm@v1.31.2/callbacks.go:140 [gorm.(*processor).Execute]
/go/pkg/mod/gorm.io/gorm@v1.31.2/finisher_api.go:141 [gorm.(*DB).First]
/go/pkg/mod/github.com/goravel/framework@v1.18.0/database/gorm/query.go:307 [gorm.(*Query).First]
/app/app/services/auth_service.go:44 [services.(*AuthService).Login]
/app/app/http/controllers/auth_controller.go:39 [controllers.(*AuthController).Login]
/go/pkg/mod/github.com/goravel/gin@v1.18.0/utils.go:37 [gin.(*Group).Post.handlerToGinHandler.func1]
/go/pkg/mod/github.com/gin-gonic/gin@v1.12.0/context.go:192 [gin.(*Context).Next]
/go/pkg/mod/github.com/goravel/gin@v1.18.0/context_request.go:233 [gin.(*ContextRequest).Next]
/go/pkg/mod/github.com/goravel/gin@v1.18.0/context_response.go:164 [gin.(*responseMiddleware).Handle]
/go/pkg/mod/github.com/goravel/gin@v1.18.0/utils.go:66 [gin.(*Group).WithMiddlewares.middlewaresToGinHandlers.middlewareToGinHandler.func1]
/go/pkg/mod/github.com/gin-gonic/gin@v1.12.0/context.go:192 [gin.(*Context).Next]
/go/pkg/mod/github.com/goravel/gin@v1.18.0/context_request.go:233 [gin.(*ContextRequest).Next]
/go/pkg/mod/github.com/goravel/framework@v1.18.0/http/middleware/check_for_maintenance_mode.go:34 [middleware.(*maintenanceMode).Handle]
/go/pkg/mod/github.com/goravel/gin@v1.18.0/utils.go:66 [gin.(*Route).init.middlewaresToGinHandlers.middlewareToGinHandler.func1]
/go/pkg/mod/github.com/gin-gonic/gin@v1.12.0/context.go:192 [gin.(*Context).Next]
/go/pkg/mod/github.com/goravel/gin@v1.18.0/context_request.go:233 [gin.(*ContextRequest).Next]
/go/pkg/mod/github.com/goravel/gin@v1.18.0/middleware_tls.go:23 [gin.(*TlsMiddleware).Handle]
/go/pkg/mod/github.com/goravel/gin@v1.18.0/utils.go:66 [gin.(*Route).init.middlewaresToGinHandlers.middlewareToGinHandler.func1]
/go/pkg/mod/github.com/gin-gonic/gin@v1.12.0/context.go:192 [gin.(*Context).Next]
/go/pkg/mod/github.com/goravel/gin@v1.18.0/context_request.go:233 [gin.(*ContextRequest).Next]
/go/pkg/mod/github.com/goravel/gin@v1.18.0/middleware_cors.go:68 [gin.(*CorsMiddleware).Handle]
/go/pkg/mod/github.com/goravel/gin@v1.18.0/utils.go:66 [gin.(*Route).init.middlewaresToGinHandlers.middlewareToGinHandler.func1]
/go/pkg/mod/github.com/gin-gonic/gin@v1.12.0/context.go:192 [gin.(*Context).Next]
[2026-07-09 07:52:09.134] production.error: [0.226ms] [rows:0] INSERT INTO `leave_approval_stages` (`created_at`,`updated_at`,`code`,`name`,`sequence`,`approver_role`,`description`,`is_active`,`workflow_profile_code`,`stage_type`,`scope`,`job_title_id`,`job_title_match`,`supervisor_sequence`,`is_required`,`skip_if_unresolved`) VALUES ('2026-07-09 07:52:09.132','2026-07-09 07:52:09.132','employee','Employee Submission',1,'health_worker',NULL,true,'default','supervisor','none',NULL,NULL,NULL,true,true)	Error 1054 (42S22): Unknown column 'workflow_profile_code' in 'field list'
[Context] map[trace.traceContextKeyType:{Span:<nil> sc:{traceID:[0 0 0 0 0 0 0 0 0 0 0 0 0 0 0 0] spanID:[0 0 0 0 0 0 0 0] traceFlags:0 traceState:{list:[]} remote:false}}]
[Trace] /go/pkg/mod/github.com/goravel/framework@v1.18.0/log/writer.go:209 [log.(*Writer).withStackTrace]
/go/pkg/mod/github.com/goravel/framework@v1.18.0/log/writer.go:65 [log.(*Writer).Errorf]
/go/pkg/mod/github.com/goravel/framework@v1.18.0/database/db/logger.go:79 [db.(*Logger).Errorf]
/go/pkg/mod/github.com/goravel/framework@v1.18.0/database/db/logger.go:102 [db.(*Logger).Trace]
/go/pkg/mod/github.com/goravel/framework@v1.18.0/database/db/logger.go:153 [db.(*Gorm).Trace]
/go/pkg/mod/gorm.io/gorm@v1.31.2/callbacks.go:140 [gorm.(*processor).Execute]
/go/pkg/mod/gorm.io/gorm@v1.31.2/finisher_api.go:26 [gorm.(*DB).Create]
/go/pkg/mod/github.com/goravel/framework@v1.18.0/database/gorm/query.go:1602 [gorm.(*Query).create]
/go/pkg/mod/github.com/goravel/framework@v1.18.0/database/gorm/query.go:159 [gorm.(*Query).Create]
/app/database/seeders/leave_config_seeder.go:73 [seeders.(*LeaveConfigSeeder).seedApprovalStages.func1]
/go/pkg/mod/github.com/goravel/framework@v1.18.0/database/gorm/query.go:324 [gorm.(*Query).FirstOr]
/app/database/seeders/leave_config_seeder.go:72 [seeders.(*LeaveConfigSeeder).seedApprovalStages]
/app/database/seeders/leave_config_seeder.go:20 [seeders.(*LeaveConfigSeeder).Run]
/go/pkg/mod/github.com/goravel/framework@v1.18.0/database/seeder/seeder.go:57 [seeder.(*SeederFacade).Call]
/go/pkg/mod/github.com/goravel/framework@v1.18.0/database/console/seed_command.go:71 [console.(*SeedCommand).Handle]
[2026-07-09 07:52:16.097] production.error: [1.803ms] [rows:0] ALTER TABLE leave_approval_stages DROP INDEX code	Error 1091 (42000): Can't DROP 'code'; check that column/key exists
[Context] map[trace.traceContextKeyType:{Span:<nil> sc:{traceID:[0 0 0 0 0 0 0 0 0 0 0 0 0 0 0 0] spanID:[0 0 0 0 0 0 0 0] traceFlags:0 traceState:{list:[]} remote:false}}]
[Trace] /go/pkg/mod/github.com/goravel/framework@v1.18.0/log/writer.go:209 [log.(*Writer).withStackTrace]
/go/pkg/mod/github.com/goravel/framework@v1.18.0/log/writer.go:65 [log.(*Writer).Errorf]
/go/pkg/mod/github.com/goravel/framework@v1.18.0/database/db/logger.go:79 [db.(*Logger).Errorf]
/go/pkg/mod/github.com/goravel/framework@v1.18.0/database/db/logger.go:102 [db.(*Logger).Trace]
/go/pkg/mod/github.com/goravel/framework@v1.18.0/database/db/logger.go:153 [db.(*Gorm).Trace]
/go/pkg/mod/gorm.io/gorm@v1.31.2/callbacks.go:140 [gorm.(*processor).Execute]
/go/pkg/mod/gorm.io/gorm@v1.31.2/finisher_api.go:794 [gorm.(*DB).Exec]
/go/pkg/mod/github.com/goravel/framework@v1.18.0/database/gorm/query.go:253 [gorm.(*Query).Exec]
/app/database/migrations/20260722000001_leave_workflow.go:97 [migrations.(*M20260722000001LeaveWorkflow).rebuildStageUniqueIndex]
/app/database/migrations/20260722000001_leave_workflow.go:83 [migrations.(*M20260722000001LeaveWorkflow).alterLeaveApprovalStages]
/app/database/migrations/20260722000001_leave_workflow.go:22 [migrations.(*M20260722000001LeaveWorkflow).Up]
/go/pkg/mod/github.com/goravel/framework@v1.18.0/database/migration/migrator.go:333 [migration.(*Migrator).runUp.func2]
/go/pkg/mod/github.com/goravel/framework@v1.18.0/database/orm/orm.go:170 [orm.(*Orm).Transaction]
/go/pkg/mod/github.com/goravel/framework@v1.18.0/database/migration/migrator.go:330 [migration.(*Migrator).runUp]
/go/pkg/mod/github.com/goravel/framework@v1.18.0/database/migration/migrator.go:280 [migration.(*Migrator).runPending]
/go/pkg/mod/github.com/goravel/framework@v1.18.0/database/migration/migrator.go:159 [migration.(*Migrator).Run]
/go/pkg/mod/github.com/goravel/framework@v1.18.0/database/console/migration/migrate_command.go:37 [migration.(*MigrateCommand).Handle]
[2026-07-09 07:52:16.099] production.error: [0.335ms] [rows:0] ALTER TABLE leave_approval_stages DROP INDEX idx_leave_stage_profile_code	Error 1091 (42000): Can't DROP 'idx_leave_stage_profile_code'; check that column/key exists
[Context] map[trace.traceContextKeyType:{Span:<nil> sc:{traceID:[0 0 0 0 0 0 0 0 0 0 0 0 0 0 0 0] spanID:[0 0 0 0 0 0 0 0] traceFlags:0 traceState:{list:[]} remote:false}}]
[Trace] /go/pkg/mod/github.com/goravel/framework@v1.18.0/log/writer.go:209 [log.(*Writer).withStackTrace]
/go/pkg/mod/github.com/goravel/framework@v1.18.0/log/writer.go:65 [log.(*Writer).Errorf]
/go/pkg/mod/github.com/goravel/framework@v1.18.0/database/db/logger.go:79 [db.(*Logger).Errorf]
/go/pkg/mod/github.com/goravel/framework@v1.18.0/database/db/logger.go:102 [db.(*Logger).Trace]
/go/pkg/mod/github.com/goravel/framework@v1.18.0/database/db/logger.go:153 [db.(*Gorm).Trace]
/go/pkg/mod/gorm.io/gorm@v1.31.2/callbacks.go:140 [gorm.(*processor).Execute]
/go/pkg/mod/gorm.io/gorm@v1.31.2/finisher_api.go:794 [gorm.(*DB).Exec]
/go/pkg/mod/github.com/goravel/framework@v1.18.0/database/gorm/query.go:253 [gorm.(*Query).Exec]
/app/database/migrations/20260722000001_leave_workflow.go:97 [migrations.(*M20260722000001LeaveWorkflow).rebuildStageUniqueIndex]
/app/database/migrations/20260722000001_leave_workflow.go:83 [migrations.(*M20260722000001LeaveWorkflow).alterLeaveApprovalStages]
/app/database/migrations/20260722000001_leave_workflow.go:22 [migrations.(*M20260722000001LeaveWorkflow).Up]
/go/pkg/mod/github.com/goravel/framework@v1.18.0/database/migration/migrator.go:333 [migration.(*Migrator).runUp.func2]
/go/pkg/mod/github.com/goravel/framework@v1.18.0/database/orm/orm.go:170 [orm.(*Orm).Transaction]
/go/pkg/mod/github.com/goravel/framework@v1.18.0/database/migration/migrator.go:330 [migration.(*Migrator).runUp]
/go/pkg/mod/github.com/goravel/framework@v1.18.0/database/migration/migrator.go:280 [migration.(*Migrator).runPending]
/go/pkg/mod/github.com/goravel/framework@v1.18.0/database/migration/migrator.go:159 [migration.(*Migrator).Run]
/go/pkg/mod/github.com/goravel/framework@v1.18.0/database/console/migration/migrate_command.go:37 [migration.(*MigrateCommand).Handle]
[2026-07-09 07:52:25.309] production.error: [0.298ms] [rows:0] SELECT * FROM `kpi_job_category`	Error 1146 (42S02): Table 'moh_pms.kpi_job_category' doesn't exist
[Context] map[trace.traceContextKeyType:{Span:<nil> sc:{traceID:[0 0 0 0 0 0 0 0 0 0 0 0 0 0 0 0] spanID:[0 0 0 0 0 0 0 0] traceFlags:0 traceState:{list:[]} remote:false}}]
[Trace] /go/pkg/mod/github.com/goravel/framework@v1.18.0/log/writer.go:209 [log.(*Writer).withStackTrace]
/go/pkg/mod/github.com/goravel/framework@v1.18.0/log/writer.go:65 [log.(*Writer).Errorf]
/go/pkg/mod/github.com/goravel/framework@v1.18.0/database/db/logger.go:79 [db.(*Logger).Errorf]
/go/pkg/mod/github.com/goravel/framework@v1.18.0/database/db/logger.go:102 [db.(*Logger).Trace]
/go/pkg/mod/github.com/goravel/framework@v1.18.0/database/db/logger.go:153 [db.(*Gorm).Trace]
/go/pkg/mod/gorm.io/gorm@v1.31.2/callbacks.go:140 [gorm.(*processor).Execute]
/go/pkg/mod/gorm.io/gorm@v1.31.2/finisher_api.go:182 [gorm.(*DB).Find]
/go/pkg/mod/github.com/goravel/framework@v1.18.0/database/gorm/query.go:278 [gorm.(*Query).Find]
/go/pkg/mod/github.com/goravel/framework@v1.18.0/database/gorm/query.go:425 [gorm.(*Query).Get]
/app/database/seeders/pms_seeder.go:55 [seeders.(*PmsSeeder).seedKpisFromLegacy]
/app/database/seeders/pms_seeder.go:42 [seeders.(*PmsSeeder).Run]
/go/pkg/mod/github.com/goravel/framework@v1.18.0/database/seeder/seeder.go:57 [seeder.(*SeederFacade).Call]
/go/pkg/mod/github.com/goravel/framework@v1.18.0/database/console/seed_command.go:71 [console.(*SeedCommand).Handle]
[2026-07-09 07:52:25.31] production.error: [0.276ms] [rows:0] SELECT * FROM `kpi` WHERE `status` = 1	Error 1146 (42S02): Table 'moh_pms.kpi' doesn't exist
[Context] map[trace.traceContextKeyType:{Span:<nil> sc:{traceID:[0 0 0 0 0 0 0 0 0 0 0 0 0 0 0 0] spanID:[0 0 0 0 0 0 0 0] traceFlags:0 traceState:{list:[]} remote:false}}]
[Trace] /go/pkg/mod/github.com/goravel/framework@v1.18.0/log/writer.go:209 [log.(*Writer).withStackTrace]
/go/pkg/mod/github.com/goravel/framework@v1.18.0/log/writer.go:65 [log.(*Writer).Errorf]
/go/pkg/mod/github.com/goravel/framework@v1.18.0/database/db/logger.go:79 [db.(*Logger).Errorf]
/go/pkg/mod/github.com/goravel/framework@v1.18.0/database/db/logger.go:102 [db.(*Logger).Trace]
/go/pkg/mod/github.com/goravel/framework@v1.18.0/database/db/logger.go:153 [db.(*Gorm).Trace]
/go/pkg/mod/gorm.io/gorm@v1.31.2/callbacks.go:140 [gorm.(*processor).Execute]
/go/pkg/mod/gorm.io/gorm@v1.31.2/finisher_api.go:182 [gorm.(*DB).Find]
/go/pkg/mod/github.com/goravel/framework@v1.18.0/database/gorm/query.go:278 [gorm.(*Query).Find]
/go/pkg/mod/github.com/goravel/framework@v1.18.0/database/gorm/query.go:425 [gorm.(*Query).Get]
/app/database/seeders/pms_seeder.go:67 [seeders.(*PmsSeeder).seedKpisFromLegacy]
/app/database/seeders/pms_seeder.go:42 [seeders.(*PmsSeeder).Run]
/go/pkg/mod/github.com/goravel/framework@v1.18.0/database/seeder/seeder.go:57 [seeder.(*SeederFacade).Call]
/go/pkg/mod/github.com/goravel/framework@v1.18.0/database/console/seed_command.go:71 [console.(*SeedCommand).Handle]
[2026-07-09 07:52:29.046] production.error: [6.753ms] [rows:0] SELECT * FROM `kpi`	Error 1146 (42S02): Table 'moh_pms.kpi' doesn't exist
[Context] map[trace.traceContextKeyType:{Span:<nil> sc:{traceID:[0 0 0 0 0 0 0 0 0 0 0 0 0 0 0 0] spanID:[0 0 0 0 0 0 0 0] traceFlags:0 traceState:{list:[]} remote:false}}]
[Trace] /go/pkg/mod/github.com/goravel/framework@v1.18.0/log/writer.go:209 [log.(*Writer).withStackTrace]
/go/pkg/mod/github.com/goravel/framework@v1.18.0/log/writer.go:65 [log.(*Writer).Errorf]
/go/pkg/mod/github.com/goravel/framework@v1.18.0/database/db/logger.go:79 [db.(*Logger).Errorf]
/go/pkg/mod/github.com/goravel/framework@v1.18.0/database/db/logger.go:102 [db.(*Logger).Trace]
/go/pkg/mod/github.com/goravel/framework@v1.18.0/database/db/logger.go:153 [db.(*Gorm).Trace]
/go/pkg/mod/gorm.io/gorm@v1.31.2/callbacks.go:140 [gorm.(*processor).Execute]
/go/pkg/mod/gorm.io/gorm@v1.31.2/finisher_api.go:182 [gorm.(*DB).Find]
/go/pkg/mod/github.com/goravel/framework@v1.18.0/database/gorm/query.go:278 [gorm.(*Query).Find]
/go/pkg/mod/github.com/goravel/framework@v1.18.0/database/gorm/query.go:425 [gorm.(*Query).Get]
/app/database/seeders/kpi_assignments_seeder.go:38 [seeders.(*KpiAssignmentsSeeder).syncSubjectAreas]
/app/database/seeders/kpi_assignments_seeder.go:18 [seeders.(*KpiAssignmentsSeeder).Run]
/go/pkg/mod/github.com/goravel/framework@v1.18.0/database/seeder/seeder.go:57 [seeder.(*SeederFacade).Call]
/go/pkg/mod/github.com/goravel/framework@v1.18.0/database/console/seed_command.go:71 [console.(*SeedCommand).Handle]
[2026-07-09 07:58:29.318] production.error: [1.228ms] [rows:0] SELECT * FROM `staff_attendance_monthly_summaries` WHERE year_month >= '2026-04' ORDER BY year_month asc	Error 1064 (42000): You have an error in your SQL syntax; check the manual that corresponds to your MySQL server version for the right syntax to use near 'year_month >= ? ORDER BY year_month asc' at line 1
[Context] map[trace.traceContextKeyType:{Span:<nil> sc:{traceID:[0 0 0 0 0 0 0 0 0 0 0 0 0 0 0 0] spanID:[0 0 0 0 0 0 0 0] traceFlags:0 traceState:{list:[]} remote:false}}]
[Trace] /go/pkg/mod/github.com/goravel/framework@v1.18.0/log/writer.go:209 [log.(*Writer).withStackTrace]
/go/pkg/mod/github.com/goravel/framework@v1.18.0/log/writer.go:65 [log.(*Writer).Errorf]
/go/pkg/mod/github.com/goravel/framework@v1.18.0/database/db/logger.go:79 [db.(*Logger).Errorf]
/go/pkg/mod/github.com/goravel/framework@v1.18.0/database/db/logger.go:102 [db.(*Logger).Trace]
/go/pkg/mod/github.com/goravel/framework@v1.18.0/database/db/logger.go:153 [db.(*Gorm).Trace]
/go/pkg/mod/gorm.io/gorm@v1.31.2/callbacks.go:140 [gorm.(*processor).Execute]
/go/pkg/mod/gorm.io/gorm@v1.31.2/finisher_api.go:182 [gorm.(*DB).Find]
/go/pkg/mod/github.com/goravel/framework@v1.18.0/database/gorm/query.go:278 [gorm.(*Query).Find]
/go/pkg/mod/github.com/goravel/framework@v1.18.0/database/gorm/query.go:425 [gorm.(*Query).Get]
/app/app/services/hrm_attend_sync.go:331 [services.(*HrmAttendService).AggregatedMonthlySummaries]
/app/app/services/hrm_attend_service.go:148 [services.(*HrmAttendService).MonthlySummaries]
/app/app/services/dashboard_analytics_service.go:290 [services.(*DashboardAnalyticsService).AttendanceTrends]
/app/app/services/dashboard_analytics_service.go:342 [services.(*DashboardAnalyticsService).NationalAttendanceSummary]
/app/app/services/dashboard_analytics_service.go:419 [services.(*DashboardAnalyticsService).AnalyticsBundle]
/app/app/services/pms_services.go:540 [services.(*DashboardService).HealthWorkerDashboard]
/app/app/http/controllers/pms_controllers.go:102 [controllers.(*DashboardController).HealthWorker]
/go/pkg/mod/github.com/goravel/gin@v1.18.0/utils.go:37 [gin.(*Group).Get.handlerToGinHandler.func1]
/go/pkg/mod/github.com/gin-gonic/gin@v1.12.0/context.go:192 [gin.(*Context).Next]
/go/pkg/mod/github.com/goravel/gin@v1.18.0/context_request.go:233 [gin.(*ContextRequest).Next]
/go/pkg/mod/github.com/goravel/gin@v1.18.0/context_response.go:164 [gin.(*responseMiddleware).Handle]
/go/pkg/mod/github.com/goravel/gin@v1.18.0/utils.go:66 [gin.(*Group).WithMiddlewares.middlewaresToGinHandlers.middlewareToGinHandler.func1]
/go/pkg/mod/github.com/gin-gonic/gin@v1.12.0/context.go:192 [gin.(*Context).Next]
/go/pkg/mod/github.com/goravel/gin@v1.18.0/context_request.go:233 [gin.(*ContextRequest).Next]
/app/app/middleware/authenticate.go:90 [middleware.(*RequirePermission).Handle]
/go/pkg/mod/github.com/goravel/gin@v1.18.0/utils.go:66 [gin.(*Group).WithMiddlewares.middlewaresToGinHandlers.middlewareToGinHandler.func1]
/go/pkg/mod/github.com/gin-gonic/gin@v1.12.0/context.go:192 [gin.(*Context).Next]
/go/pkg/mod/github.com/goravel/gin@v1.18.0/context_request.go:233 [gin.(*ContextRequest).Next]
/app/app/middleware/authenticate.go:59 [middleware.(*Authenticate).Handle]
/go/pkg/mod/github.com/goravel/gin@v1.18.0/utils.go:66 [gin.(*Group).WithMiddlewares.middlewaresToGinHandlers.middlewareToGinHandler.func1]
/go/pkg/mod/github.com/gin-gonic/gin@v1.12.0/context.go:192 [gin.(*Context).Next]
/go/pkg/mod/github.com/goravel/gin@v1.18.0/context_request.go:233 [gin.(*ContextRequest).Next]
/go/pkg/mod/github.com/goravel/framework@v1.18.0/http/middleware/check_for_maintenance_mode.go:34 [middleware.(*maintenanceMode).Handle]
/go/pkg/mod/github.com/goravel/gin@v1.18.0/utils.go:66 [gin.(*Route).init.middlewaresToGinHandlers.middlewareToGinHandler.func1]
/go/pkg/mod/github.com/gin-gonic/gin@v1.12.0/context.go:192 [gin.(*Context).Next]
/go/pkg/mod/github.com/goravel/gin@v1.18.0/context_request.go:233 [gin.(*ContextRequest).Next]
/go/pkg/mod/github.com/goravel/gin@v1.18.0/middleware_tls.go:23 [gin.(*TlsMiddleware).Handle]
/go/pkg/mod/github.com/goravel/gin@v1.18.0/utils.go:66 [gin.(*Route).init.middlewaresToGinHandlers.middlewareToGinHandler.func1]
/go/pkg/mod/github.com/gin-gonic/gin@v1.12.0/context.go:192 [gin.(*Context).Next]
/go/pkg/mod/github.com/goravel/gin@v1.18.0/context_request.go:233 [gin.(*ContextRequest).Next]
/go/pkg/mod/github.com/goravel/gin@v1.18.0/middleware_cors.go:68 [gin.(*CorsMiddleware).Handle]
/go/pkg/mod/github.com/goravel/gin@v1.18.0/utils.go:66 [gin.(*Route).init.middlewaresToGinHandlers.middlewareToGinHandler.func1]
/go/pkg/mod/github.com/gin-gonic/gin@v1.12.0/context.go:192 [gin.(*Context).Next]
[2026-07-09 07:58:29.32] production.error: [0.071ms] [rows:0] SELECT * FROM `staff_attendance_monthly_summaries` WHERE year_month >= '2026-02' ORDER BY year_month asc	Error 1064 (42000): You have an error in your SQL syntax; check the manual that corresponds to your MySQL server version for the right syntax to use near 'year_month >= ? ORDER BY year_month asc' at line 1
[Context] map[trace.traceContextKeyType:{Span:<nil> sc:{traceID:[0 0 0 0 0 0 0 0 0 0 0 0 0 0 0 0] spanID:[0 0 0 0 0 0 0 0] traceFlags:0 traceState:{list:[]} remote:false}}]
[Trace] /go/pkg/mod/github.com/goravel/framework@v1.18.0/log/writer.go:209 [log.(*Writer).withStackTrace]
/go/pkg/mod/github.com/goravel/framework@v1.18.0/log/writer.go:65 [log.(*Writer).Errorf]
/go/pkg/mod/github.com/goravel/framework@v1.18.0/database/db/logger.go:79 [db.(*Logger).Errorf]
/go/pkg/mod/github.com/goravel/framework@v1.18.0/database/db/logger.go:102 [db.(*Logger).Trace]
/go/pkg/mod/github.com/goravel/framework@v1.18.0/database/db/logger.go:153 [db.(*Gorm).Trace]
/go/pkg/mod/gorm.io/gorm@v1.31.2/callbacks.go:140 [gorm.(*processor).Execute]
/go/pkg/mod/gorm.io/gorm@v1.31.2/finisher_api.go:182 [gorm.(*DB).Find]
/go/pkg/mod/github.com/goravel/framework@v1.18.0/database/gorm/query.go:278 [gorm.(*Query).Find]
/go/pkg/mod/github.com/goravel/framework@v1.18.0/database/gorm/query.go:425 [gorm.(*Query).Get]
/app/app/services/hrm_attend_sync.go:331 [services.(*HrmAttendService).AggregatedMonthlySummaries]
/app/app/services/hrm_attend_service.go:148 [services.(*HrmAttendService).MonthlySummaries]
/app/app/services/dashboard_analytics_service.go:290 [services.(*DashboardAnalyticsService).AttendanceTrends]
/app/app/services/dashboard_analytics_service.go:420 [services.(*DashboardAnalyticsService).AnalyticsBundle]
/app/app/services/pms_services.go:540 [services.(*DashboardService).HealthWorkerDashboard]
/app/app/http/controllers/pms_controllers.go:102 [controllers.(*DashboardController).HealthWorker]
/go/pkg/mod/github.com/goravel/gin@v1.18.0/utils.go:37 [gin.(*Group).Get.handlerToGinHandler.func1]
/go/pkg/mod/github.com/gin-gonic/gin@v1.12.0/context.go:192 [gin.(*Context).Next]
/go/pkg/mod/github.com/goravel/gin@v1.18.0/context_request.go:233 [gin.(*ContextRequest).Next]
/go/pkg/mod/github.com/goravel/gin@v1.18.0/context_response.go:164 [gin.(*responseMiddleware).Handle]
/go/pkg/mod/github.com/goravel/gin@v1.18.0/utils.go:66 [gin.(*Group).WithMiddlewares.middlewaresToGinHandlers.middlewareToGinHandler.func1]
/go/pkg/mod/github.com/gin-gonic/gin@v1.12.0/context.go:192 [gin.(*Context).Next]
/go/pkg/mod/github.com/goravel/gin@v1.18.0/context_request.go:233 [gin.(*ContextRequest).Next]
/app/app/middleware/authenticate.go:90 [middleware.(*RequirePermission).Handle]
/go/pkg/mod/github.com/goravel/gin@v1.18.0/utils.go:66 [gin.(*Group).WithMiddlewares.middlewaresToGinHandlers.middlewareToGinHandler.func1]
/go/pkg/mod/github.com/gin-gonic/gin@v1.12.0/context.go:192 [gin.(*Context).Next]
/go/pkg/mod/github.com/goravel/gin@v1.18.0/context_request.go:233 [gin.(*ContextRequest).Next]
/app/app/middleware/authenticate.go:59 [middleware.(*Authenticate).Handle]
/go/pkg/mod/github.com/goravel/gin@v1.18.0/utils.go:66 [gin.(*Group).WithMiddlewares.middlewaresToGinHandlers.middlewareToGinHandler.func1]
/go/pkg/mod/github.com/gin-gonic/gin@v1.12.0/context.go:192 [gin.(*Context).Next]
/go/pkg/mod/github.com/goravel/gin@v1.18.0/context_request.go:233 [gin.(*ContextRequest).Next]
/go/pkg/mod/github.com/goravel/framework@v1.18.0/http/middleware/check_for_maintenance_mode.go:34 [middleware.(*maintenanceMode).Handle]
/go/pkg/mod/github.com/goravel/gin@v1.18.0/utils.go:66 [gin.(*Route).init.middlewaresToGinHandlers.middlewareToGinHandler.func1]
/go/pkg/mod/github.com/gin-gonic/gin@v1.12.0/context.go:192 [gin.(*Context).Next]
/go/pkg/mod/github.com/goravel/gin@v1.18.0/context_request.go:233 [gin.(*ContextRequest).Next]
/go/pkg/mod/github.com/goravel/gin@v1.18.0/middleware_tls.go:23 [gin.(*TlsMiddleware).Handle]
/go/pkg/mod/github.com/goravel/gin@v1.18.0/utils.go:66 [gin.(*Route).init.middlewaresToGinHandlers.middlewareToGinHandler.func1]
/go/pkg/mod/github.com/gin-gonic/gin@v1.12.0/context.go:192 [gin.(*Context).Next]
/go/pkg/mod/github.com/goravel/gin@v1.18.0/context_request.go:233 [gin.(*ContextRequest).Next]
/go/pkg/mod/github.com/goravel/gin@v1.18.0/middleware_cors.go:68 [gin.(*CorsMiddleware).Handle]
/go/pkg/mod/github.com/goravel/gin@v1.18.0/utils.go:66 [gin.(*Route).init.middlewaresToGinHandlers.middlewareToGinHandler.func1]
/go/pkg/mod/github.com/gin-gonic/gin@v1.12.0/context.go:192 [gin.(*Context).Next]
[2026-07-09 08:03:59.067] production.warning: [560.798ms] [rows:1] [SLOW] SELECT * FROM `users` WHERE `users`.`id` = '2'
[Context] map[trace.traceContextKeyType:{Span:<nil> sc:{traceID:[0 0 0 0 0 0 0 0 0 0 0 0 0 0 0 0] spanID:[0 0 0 0 0 0 0 0] traceFlags:0 traceState:{list:[]} remote:false}}]
[2026-07-09 08:04:00.05] production.warning: [204.206ms] [rows:1] [SLOW] UPDATE `user_notifications` SET `created_at`='2026-07-09 07:58:29',`updated_at`='2026-07-09 08:03:59.856',`user_id`=2,`type`='info',`category`='system',`title`='Quarterly reporting window',`message`='Submit quarterly progress reports before the deadline in the Performance module.',`action_url`='/performance',`dedupe_key`='system:quarterly-reminder',`read_at`=NULL,`emailed_at`=NULL WHERE `id` = 1
[Context] map[trace.traceContextKeyType:{Span:<nil> sc:{traceID:[0 0 0 0 0 0 0 0 0 0 0 0 0 0 0 0] spanID:[0 0 0 0 0 0 0 0] traceFlags:0 traceState:{list:[]} remote:false}}]
[2026-07-09 08:08:24.294] production.warning: [381.915ms] [rows:1] [SLOW] SELECT * FROM `users` WHERE `users`.`id` = '2'
[Context] map[trace.traceContextKeyType:{Span:<nil> sc:{traceID:[0 0 0 0 0 0 0 0 0 0 0 0 0 0 0 0] spanID:[0 0 0 0 0 0 0 0] traceFlags:0 traceState:{list:[]} remote:false}}]
[2026-07-09 08:08:24.915] production.warning: [253.904ms] [rows:1] [SLOW] UPDATE `user_notifications` SET `created_at`='2026-07-09 07:58:29',`updated_at`='2026-07-09 08:08:24.692',`user_id`=2,`type`='info',`category`='system',`title`='Quarterly reporting window',`message`='Submit quarterly progress reports before the deadline in the Performance module.',`action_url`='/performance',`dedupe_key`='system:quarterly-reminder',`read_at`=NULL,`emailed_at`=NULL WHERE `id` = 1
[Context] map[trace.traceContextKeyType:{Span:<nil> sc:{traceID:[0 0 0 0 0 0 0 0 0 0 0 0 0 0 0 0] spanID:[0 0 0 0 0 0 0 0] traceFlags:0 traceState:{list:[]} remote:false}}]
[2026-07-09 08:34:34.523] production.warning: [204.068ms] [rows:1] [SLOW] SELECT * FROM `users` WHERE `users`.`id` = '2'
[Context] map[trace.traceContextKeyType:{Span:<nil> sc:{traceID:[0 0 0 0 0 0 0 0 0 0 0 0 0 0 0 0] spanID:[0 0 0 0 0 0 0 0] traceFlags:0 traceState:{list:[]} remote:false}}]
[2026-07-09 08:34:38.592] production.error: [3.585ms] [rows:0] SELECT * FROM `staff_attendance_monthly_summaries` WHERE year_month >= '2026-04' ORDER BY year_month asc	Error 1064 (42000): You have an error in your SQL syntax; check the manual that corresponds to your MySQL server version for the right syntax to use near 'year_month >= ? ORDER BY year_month asc' at line 1
[Context] map[trace.traceContextKeyType:{Span:<nil> sc:{traceID:[0 0 0 0 0 0 0 0 0 0 0 0 0 0 0 0] spanID:[0 0 0 0 0 0 0 0] traceFlags:0 traceState:{list:[]} remote:false}}]
[Trace] /go/pkg/mod/github.com/goravel/framework@v1.18.0/log/writer.go:209 [log.(*Writer).withStackTrace]
/go/pkg/mod/github.com/goravel/framework@v1.18.0/log/writer.go:65 [log.(*Writer).Errorf]
/go/pkg/mod/github.com/goravel/framework@v1.18.0/database/db/logger.go:79 [db.(*Logger).Errorf]
/go/pkg/mod/github.com/goravel/framework@v1.18.0/database/db/logger.go:102 [db.(*Logger).Trace]
/go/pkg/mod/github.com/goravel/framework@v1.18.0/database/db/logger.go:153 [db.(*Gorm).Trace]
/go/pkg/mod/gorm.io/gorm@v1.31.2/callbacks.go:140 [gorm.(*processor).Execute]
/go/pkg/mod/gorm.io/gorm@v1.31.2/finisher_api.go:182 [gorm.(*DB).Find]
/go/pkg/mod/github.com/goravel/framework@v1.18.0/database/gorm/query.go:278 [gorm.(*Query).Find]
/go/pkg/mod/github.com/goravel/framework@v1.18.0/database/gorm/query.go:425 [gorm.(*Query).Get]
/app/app/services/hrm_attend_sync.go:331 [services.(*HrmAttendService).AggregatedMonthlySummaries]
/app/app/services/hrm_attend_service.go:148 [services.(*HrmAttendService).MonthlySummaries]
/app/app/services/dashboard_analytics_service.go:290 [services.(*DashboardAnalyticsService).AttendanceTrends]
/app/app/services/dashboard_analytics_service.go:342 [services.(*DashboardAnalyticsService).NationalAttendanceSummary]
/app/app/services/dashboard_analytics_service.go:419 [services.(*DashboardAnalyticsService).AnalyticsBundle]
/app/app/services/pms_services.go:540 [services.(*DashboardService).HealthWorkerDashboard]
/app/app/http/controllers/pms_controllers.go:102 [controllers.(*DashboardController).HealthWorker]
/go/pkg/mod/github.com/goravel/gin@v1.18.0/utils.go:37 [gin.(*Group).Get.handlerToGinHandler.func1]
/go/pkg/mod/github.com/gin-gonic/gin@v1.12.0/context.go:192 [gin.(*Context).Next]
/go/pkg/mod/github.com/goravel/gin@v1.18.0/context_request.go:233 [gin.(*ContextRequest).Next]
/go/pkg/mod/github.com/goravel/gin@v1.18.0/context_response.go:164 [gin.(*responseMiddleware).Handle]
/go/pkg/mod/github.com/goravel/gin@v1.18.0/utils.go:66 [gin.(*Group).WithMiddlewares.middlewaresToGinHandlers.middlewareToGinHandler.func1]
/go/pkg/mod/github.com/gin-gonic/gin@v1.12.0/context.go:192 [gin.(*Context).Next]
/go/pkg/mod/github.com/goravel/gin@v1.18.0/context_request.go:233 [gin.(*ContextRequest).Next]
/app/app/middleware/authenticate.go:90 [middleware.(*RequirePermission).Handle]
/go/pkg/mod/github.com/goravel/gin@v1.18.0/utils.go:66 [gin.(*Group).WithMiddlewares.middlewaresToGinHandlers.middlewareToGinHandler.func1]
/go/pkg/mod/github.com/gin-gonic/gin@v1.12.0/context.go:192 [gin.(*Context).Next]
/go/pkg/mod/github.com/goravel/gin@v1.18.0/context_request.go:233 [gin.(*ContextRequest).Next]
/app/app/middleware/authenticate.go:59 [middleware.(*Authenticate).Handle]
/go/pkg/mod/github.com/goravel/gin@v1.18.0/utils.go:66 [gin.(*Group).WithMiddlewares.middlewaresToGinHandlers.middlewareToGinHandler.func1]
/go/pkg/mod/github.com/gin-gonic/gin@v1.12.0/context.go:192 [gin.(*Context).Next]
/go/pkg/mod/github.com/goravel/gin@v1.18.0/context_request.go:233 [gin.(*ContextRequest).Next]
/go/pkg/mod/github.com/goravel/framework@v1.18.0/http/middleware/check_for_maintenance_mode.go:34 [middleware.(*maintenanceMode).Handle]
/go/pkg/mod/github.com/goravel/gin@v1.18.0/utils.go:66 [gin.(*Route).init.middlewaresToGinHandlers.middlewareToGinHandler.func1]
/go/pkg/mod/github.com/gin-gonic/gin@v1.12.0/context.go:192 [gin.(*Context).Next]
/go/pkg/mod/github.com/goravel/gin@v1.18.0/context_request.go:233 [gin.(*ContextRequest).Next]
/go/pkg/mod/github.com/goravel/gin@v1.18.0/middleware_tls.go:23 [gin.(*TlsMiddleware).Handle]
/go/pkg/mod/github.com/goravel/gin@v1.18.0/utils.go:66 [gin.(*Route).init.middlewaresToGinHandlers.middlewareToGinHandler.func1]
/go/pkg/mod/github.com/gin-gonic/gin@v1.12.0/context.go:192 [gin.(*Context).Next]
/go/pkg/mod/github.com/goravel/gin@v1.18.0/context_request.go:233 [gin.(*ContextRequest).Next]
/go/pkg/mod/github.com/goravel/gin@v1.18.0/middleware_cors.go:68 [gin.(*CorsMiddleware).Handle]
/go/pkg/mod/github.com/goravel/gin@v1.18.0/utils.go:66 [gin.(*Route).init.middlewaresToGinHandlers.middlewareToGinHandler.func1]
/go/pkg/mod/github.com/gin-gonic/gin@v1.12.0/context.go:192 [gin.(*Context).Next]
[2026-07-09 08:34:38.596] production.error: [0.115ms] [rows:0] SELECT * FROM `staff_attendance_monthly_summaries` WHERE year_month >= '2026-02' ORDER BY year_month asc	Error 1064 (42000): You have an error in your SQL syntax; check the manual that corresponds to your MySQL server version for the right syntax to use near 'year_month >= ? ORDER BY year_month asc' at line 1
[Context] map[trace.traceContextKeyType:{Span:<nil> sc:{traceID:[0 0 0 0 0 0 0 0 0 0 0 0 0 0 0 0] spanID:[0 0 0 0 0 0 0 0] traceFlags:0 traceState:{list:[]} remote:false}}]
[Trace] /go/pkg/mod/github.com/goravel/framework@v1.18.0/log/writer.go:209 [log.(*Writer).withStackTrace]
/go/pkg/mod/github.com/goravel/framework@v1.18.0/log/writer.go:65 [log.(*Writer).Errorf]
/go/pkg/mod/github.com/goravel/framework@v1.18.0/database/db/logger.go:79 [db.(*Logger).Errorf]
/go/pkg/mod/github.com/goravel/framework@v1.18.0/database/db/logger.go:102 [db.(*Logger).Trace]
/go/pkg/mod/github.com/goravel/framework@v1.18.0/database/db/logger.go:153 [db.(*Gorm).Trace]
/go/pkg/mod/gorm.io/gorm@v1.31.2/callbacks.go:140 [gorm.(*processor).Execute]
/go/pkg/mod/gorm.io/gorm@v1.31.2/finisher_api.go:182 [gorm.(*DB).Find]
/go/pkg/mod/github.com/goravel/framework@v1.18.0/database/gorm/query.go:278 [gorm.(*Query).Find]
/go/pkg/mod/github.com/goravel/framework@v1.18.0/database/gorm/query.go:425 [gorm.(*Query).Get]
/app/app/services/hrm_attend_sync.go:331 [services.(*HrmAttendService).AggregatedMonthlySummaries]
/app/app/services/hrm_attend_service.go:148 [services.(*HrmAttendService).MonthlySummaries]
/app/app/services/dashboard_analytics_service.go:290 [services.(*DashboardAnalyticsService).AttendanceTrends]
/app/app/services/dashboard_analytics_service.go:420 [services.(*DashboardAnalyticsService).AnalyticsBundle]
/app/app/services/pms_services.go:540 [services.(*DashboardService).HealthWorkerDashboard]
/app/app/http/controllers/pms_controllers.go:102 [controllers.(*DashboardController).HealthWorker]
/go/pkg/mod/github.com/goravel/gin@v1.18.0/utils.go:37 [gin.(*Group).Get.handlerToGinHandler.func1]
/go/pkg/mod/github.com/gin-gonic/gin@v1.12.0/context.go:192 [gin.(*Context).Next]
/go/pkg/mod/github.com/goravel/gin@v1.18.0/context_request.go:233 [gin.(*ContextRequest).Next]
/go/pkg/mod/github.com/goravel/gin@v1.18.0/context_response.go:164 [gin.(*responseMiddleware).Handle]
/go/pkg/mod/github.com/goravel/gin@v1.18.0/utils.go:66 [gin.(*Group).WithMiddlewares.middlewaresToGinHandlers.middlewareToGinHandler.func1]
/go/pkg/mod/github.com/gin-gonic/gin@v1.12.0/context.go:192 [gin.(*Context).Next]
/go/pkg/mod/github.com/goravel/gin@v1.18.0/context_request.go:233 [gin.(*ContextRequest).Next]
/app/app/middleware/authenticate.go:90 [middleware.(*RequirePermission).Handle]
/go/pkg/mod/github.com/goravel/gin@v1.18.0/utils.go:66 [gin.(*Group).WithMiddlewares.middlewaresToGinHandlers.middlewareToGinHandler.func1]
/go/pkg/mod/github.com/gin-gonic/gin@v1.12.0/context.go:192 [gin.(*Context).Next]
/go/pkg/mod/github.com/goravel/gin@v1.18.0/context_request.go:233 [gin.(*ContextRequest).Next]
/app/app/middleware/authenticate.go:59 [middleware.(*Authenticate).Handle]
/go/pkg/mod/github.com/goravel/gin@v1.18.0/utils.go:66 [gin.(*Group).WithMiddlewares.middlewaresToGinHandlers.middlewareToGinHandler.func1]
/go/pkg/mod/github.com/gin-gonic/gin@v1.12.0/context.go:192 [gin.(*Context).Next]
/go/pkg/mod/github.com/goravel/gin@v1.18.0/context_request.go:233 [gin.(*ContextRequest).Next]
/go/pkg/mod/github.com/goravel/framework@v1.18.0/http/middleware/check_for_maintenance_mode.go:34 [middleware.(*maintenanceMode).Handle]
/go/pkg/mod/github.com/goravel/gin@v1.18.0/utils.go:66 [gin.(*Route).init.middlewaresToGinHandlers.middlewareToGinHandler.func1]
/go/pkg/mod/github.com/gin-gonic/gin@v1.12.0/context.go:192 [gin.(*Context).Next]
/go/pkg/mod/github.com/goravel/gin@v1.18.0/context_request.go:233 [gin.(*ContextRequest).Next]
/go/pkg/mod/github.com/goravel/gin@v1.18.0/middleware_tls.go:23 [gin.(*TlsMiddleware).Handle]
/go/pkg/mod/github.com/goravel/gin@v1.18.0/utils.go:66 [gin.(*Route).init.middlewaresToGinHandlers.middlewareToGinHandler.func1]
/go/pkg/mod/github.com/gin-gonic/gin@v1.12.0/context.go:192 [gin.(*Context).Next]
/go/pkg/mod/github.com/goravel/gin@v1.18.0/context_request.go:233 [gin.(*ContextRequest).Next]
/go/pkg/mod/github.com/goravel/gin@v1.18.0/middleware_cors.go:68 [gin.(*CorsMiddleware).Handle]
/go/pkg/mod/github.com/goravel/gin@v1.18.0/utils.go:66 [gin.(*Route).init.middlewaresToGinHandlers.middlewareToGinHandler.func1]
/go/pkg/mod/github.com/gin-gonic/gin@v1.12.0/context.go:192 [gin.(*Context).Next]
[2026-07-09 08:36:21.958] production.error: [3.934ms] [rows:0] SELECT * FROM `staff_attendance_monthly_summaries` WHERE year_month >= '2026-04' ORDER BY year_month asc	Error 1064 (42000): You have an error in your SQL syntax; check the manual that corresponds to your MySQL server version for the right syntax to use near 'year_month >= ? ORDER BY year_month asc' at line 1
[Context] map[trace.traceContextKeyType:{Span:<nil> sc:{traceID:[0 0 0 0 0 0 0 0 0 0 0 0 0 0 0 0] spanID:[0 0 0 0 0 0 0 0] traceFlags:0 traceState:{list:[]} remote:false}}]
[Trace] /go/pkg/mod/github.com/goravel/framework@v1.18.0/log/writer.go:209 [log.(*Writer).withStackTrace]
/go/pkg/mod/github.com/goravel/framework@v1.18.0/log/writer.go:65 [log.(*Writer).Errorf]
/go/pkg/mod/github.com/goravel/framework@v1.18.0/database/db/logger.go:79 [db.(*Logger).Errorf]
/go/pkg/mod/github.com/goravel/framework@v1.18.0/database/db/logger.go:102 [db.(*Logger).Trace]
/go/pkg/mod/github.com/goravel/framework@v1.18.0/database/db/logger.go:153 [db.(*Gorm).Trace]
/go/pkg/mod/gorm.io/gorm@v1.31.2/callbacks.go:140 [gorm.(*processor).Execute]
/go/pkg/mod/gorm.io/gorm@v1.31.2/finisher_api.go:182 [gorm.(*DB).Find]
/go/pkg/mod/github.com/goravel/framework@v1.18.0/database/gorm/query.go:278 [gorm.(*Query).Find]
/go/pkg/mod/github.com/goravel/framework@v1.18.0/database/gorm/query.go:425 [gorm.(*Query).Get]
/app/app/services/hrm_attend_sync.go:331 [services.(*HrmAttendService).AggregatedMonthlySummaries]
/app/app/services/hrm_attend_service.go:148 [services.(*HrmAttendService).MonthlySummaries]
/app/app/services/dashboard_analytics_service.go:290 [services.(*DashboardAnalyticsService).AttendanceTrends]
/app/app/services/dashboard_analytics_service.go:342 [services.(*DashboardAnalyticsService).NationalAttendanceSummary]
/app/app/services/dashboard_analytics_service.go:419 [services.(*DashboardAnalyticsService).AnalyticsBundle]
/app/app/services/pms_services.go:693 [services.(*DashboardService).HRManagerDashboard]
/app/app/http/controllers/pms_controllers.go:130 [controllers.(*DashboardController).HRManager]
/go/pkg/mod/github.com/goravel/gin@v1.18.0/utils.go:37 [gin.(*Group).Get.handlerToGinHandler.func1]
/go/pkg/mod/github.com/gin-gonic/gin@v1.12.0/context.go:192 [gin.(*Context).Next]
/go/pkg/mod/github.com/goravel/gin@v1.18.0/context_request.go:233 [gin.(*ContextRequest).Next]
/go/pkg/mod/github.com/goravel/gin@v1.18.0/context_response.go:164 [gin.(*responseMiddleware).Handle]
/go/pkg/mod/github.com/goravel/gin@v1.18.0/utils.go:66 [gin.(*Group).WithMiddlewares.middlewaresToGinHandlers.middlewareToGinHandler.func1]
/go/pkg/mod/github.com/gin-gonic/gin@v1.12.0/context.go:192 [gin.(*Context).Next]
/go/pkg/mod/github.com/goravel/gin@v1.18.0/context_request.go:233 [gin.(*ContextRequest).Next]
/app/app/middleware/authenticate.go:90 [middleware.(*RequirePermission).Handle]
/go/pkg/mod/github.com/goravel/gin@v1.18.0/utils.go:66 [gin.(*Group).WithMiddlewares.middlewaresToGinHandlers.middlewareToGinHandler.func1]
/go/pkg/mod/github.com/gin-gonic/gin@v1.12.0/context.go:192 [gin.(*Context).Next]
/go/pkg/mod/github.com/goravel/gin@v1.18.0/context_request.go:233 [gin.(*ContextRequest).Next]
/app/app/middleware/authenticate.go:59 [middleware.(*Authenticate).Handle]
/go/pkg/mod/github.com/goravel/gin@v1.18.0/utils.go:66 [gin.(*Group).WithMiddlewares.middlewaresToGinHandlers.middlewareToGinHandler.func1]
/go/pkg/mod/github.com/gin-gonic/gin@v1.12.0/context.go:192 [gin.(*Context).Next]
/go/pkg/mod/github.com/goravel/gin@v1.18.0/context_request.go:233 [gin.(*ContextRequest).Next]
/go/pkg/mod/github.com/goravel/framework@v1.18.0/http/middleware/check_for_maintenance_mode.go:34 [middleware.(*maintenanceMode).Handle]
/go/pkg/mod/github.com/goravel/gin@v1.18.0/utils.go:66 [gin.(*Route).init.middlewaresToGinHandlers.middlewareToGinHandler.func1]
/go/pkg/mod/github.com/gin-gonic/gin@v1.12.0/context.go:192 [gin.(*Context).Next]
/go/pkg/mod/github.com/goravel/gin@v1.18.0/context_request.go:233 [gin.(*ContextRequest).Next]
/go/pkg/mod/github.com/goravel/gin@v1.18.0/middleware_tls.go:23 [gin.(*TlsMiddleware).Handle]
/go/pkg/mod/github.com/goravel/gin@v1.18.0/utils.go:66 [gin.(*Route).init.middlewaresToGinHandlers.middlewareToGinHandler.func1]
/go/pkg/mod/github.com/gin-gonic/gin@v1.12.0/context.go:192 [gin.(*Context).Next]
/go/pkg/mod/github.com/goravel/gin@v1.18.0/context_request.go:233 [gin.(*ContextRequest).Next]
/go/pkg/mod/github.com/goravel/gin@v1.18.0/middleware_cors.go:68 [gin.(*CorsMiddleware).Handle]
/go/pkg/mod/github.com/goravel/gin@v1.18.0/utils.go:66 [gin.(*Route).init.middlewaresToGinHandlers.middlewareToGinHandler.func1]
/go/pkg/mod/github.com/gin-gonic/gin@v1.12.0/context.go:192 [gin.(*Context).Next]
[2026-07-09 08:36:21.971] production.error: [0.533ms] [rows:0] SELECT * FROM `staff_attendance_monthly_summaries` WHERE year_month >= '2026-02' ORDER BY year_month asc	Error 1064 (42000): You have an error in your SQL syntax; check the manual that corresponds to your MySQL server version for the right syntax to use near 'year_month >= ? ORDER BY year_month asc' at line 1
[Context] map[trace.traceContextKeyType:{Span:<nil> sc:{traceID:[0 0 0 0 0 0 0 0 0 0 0 0 0 0 0 0] spanID:[0 0 0 0 0 0 0 0] traceFlags:0 traceState:{list:[]} remote:false}}]
[Trace] /go/pkg/mod/github.com/goravel/framework@v1.18.0/log/writer.go:209 [log.(*Writer).withStackTrace]
/go/pkg/mod/github.com/goravel/framework@v1.18.0/log/writer.go:65 [log.(*Writer).Errorf]
/go/pkg/mod/github.com/goravel/framework@v1.18.0/database/db/logger.go:79 [db.(*Logger).Errorf]
/go/pkg/mod/github.com/goravel/framework@v1.18.0/database/db/logger.go:102 [db.(*Logger).Trace]
/go/pkg/mod/github.com/goravel/framework@v1.18.0/database/db/logger.go:153 [db.(*Gorm).Trace]
/go/pkg/mod/gorm.io/gorm@v1.31.2/callbacks.go:140 [gorm.(*processor).Execute]
/go/pkg/mod/gorm.io/gorm@v1.31.2/finisher_api.go:182 [gorm.(*DB).Find]
/go/pkg/mod/github.com/goravel/framework@v1.18.0/database/gorm/query.go:278 [gorm.(*Query).Find]
/go/pkg/mod/github.com/goravel/framework@v1.18.0/database/gorm/query.go:425 [gorm.(*Query).Get]
/app/app/services/hrm_attend_sync.go:331 [services.(*HrmAttendService).AggregatedMonthlySummaries]
/app/app/services/hrm_attend_service.go:148 [services.(*HrmAttendService).MonthlySummaries]
/app/app/services/dashboard_analytics_service.go:290 [services.(*DashboardAnalyticsService).AttendanceTrends]
/app/app/services/dashboard_analytics_service.go:420 [services.(*DashboardAnalyticsService).AnalyticsBundle]
/app/app/services/pms_services.go:693 [services.(*DashboardService).HRManagerDashboard]
/app/app/http/controllers/pms_controllers.go:130 [controllers.(*DashboardController).HRManager]
/go/pkg/mod/github.com/goravel/gin@v1.18.0/utils.go:37 [gin.(*Group).Get.handlerToGinHandler.func1]
/go/pkg/mod/github.com/gin-gonic/gin@v1.12.0/context.go:192 [gin.(*Context).Next]
/go/pkg/mod/github.com/goravel/gin@v1.18.0/context_request.go:233 [gin.(*ContextRequest).Next]
/go/pkg/mod/github.com/goravel/gin@v1.18.0/context_response.go:164 [gin.(*responseMiddleware).Handle]
/go/pkg/mod/github.com/goravel/gin@v1.18.0/utils.go:66 [gin.(*Group).WithMiddlewares.middlewaresToGinHandlers.middlewareToGinHandler.func1]
/go/pkg/mod/github.com/gin-gonic/gin@v1.12.0/context.go:192 [gin.(*Context).Next]
/go/pkg/mod/github.com/goravel/gin@v1.18.0/context_request.go:233 [gin.(*ContextRequest).Next]
/app/app/middleware/authenticate.go:90 [middleware.(*RequirePermission).Handle]
/go/pkg/mod/github.com/goravel/gin@v1.18.0/utils.go:66 [gin.(*Group).WithMiddlewares.middlewaresToGinHandlers.middlewareToGinHandler.func1]
/go/pkg/mod/github.com/gin-gonic/gin@v1.12.0/context.go:192 [gin.(*Context).Next]
/go/pkg/mod/github.com/goravel/gin@v1.18.0/context_request.go:233 [gin.(*ContextRequest).Next]
/app/app/middleware/authenticate.go:59 [middleware.(*Authenticate).Handle]
/go/pkg/mod/github.com/goravel/gin@v1.18.0/utils.go:66 [gin.(*Group).WithMiddlewares.middlewaresToGinHandlers.middlewareToGinHandler.func1]
/go/pkg/mod/github.com/gin-gonic/gin@v1.12.0/context.go:192 [gin.(*Context).Next]
/go/pkg/mod/github.com/goravel/gin@v1.18.0/context_request.go:233 [gin.(*ContextRequest).Next]
/go/pkg/mod/github.com/goravel/framework@v1.18.0/http/middleware/check_for_maintenance_mode.go:34 [middleware.(*maintenanceMode).Handle]
/go/pkg/mod/github.com/goravel/gin@v1.18.0/utils.go:66 [gin.(*Route).init.middlewaresToGinHandlers.middlewareToGinHandler.func1]
/go/pkg/mod/github.com/gin-gonic/gin@v1.12.0/context.go:192 [gin.(*Context).Next]
/go/pkg/mod/github.com/goravel/gin@v1.18.0/context_request.go:233 [gin.(*ContextRequest).Next]
/go/pkg/mod/github.com/goravel/gin@v1.18.0/middleware_tls.go:23 [gin.(*TlsMiddleware).Handle]
/go/pkg/mod/github.com/goravel/gin@v1.18.0/utils.go:66 [gin.(*Route).init.middlewaresToGinHandlers.middlewareToGinHandler.func1]
/go/pkg/mod/github.com/gin-gonic/gin@v1.12.0/context.go:192 [gin.(*Context).Next]
/go/pkg/mod/github.com/goravel/gin@v1.18.0/context_request.go:233 [gin.(*ContextRequest).Next]
/go/pkg/mod/github.com/goravel/gin@v1.18.0/middleware_cors.go:68 [gin.(*CorsMiddleware).Handle]
/go/pkg/mod/github.com/goravel/gin@v1.18.0/utils.go:66 [gin.(*Route).init.middlewaresToGinHandlers.middlewareToGinHandler.func1]
/go/pkg/mod/github.com/gin-gonic/gin@v1.12.0/context.go:192 [gin.(*Context).Next]
[2026-07-09 08:38:07.576] production.error: [0.179ms] [rows:0] SELECT * FROM `staff_attendance_monthly_summaries` WHERE year_month >= '2026-04' ORDER BY year_month asc	Error 1064 (42000): You have an error in your SQL syntax; check the manual that corresponds to your MySQL server version for the right syntax to use near 'year_month >= ? ORDER BY year_month asc' at line 1
[Context] map[trace.traceContextKeyType:{Span:<nil> sc:{traceID:[0 0 0 0 0 0 0 0 0 0 0 0 0 0 0 0] spanID:[0 0 0 0 0 0 0 0] traceFlags:0 traceState:{list:[]} remote:false}}]
[Trace] /go/pkg/mod/github.com/goravel/framework@v1.18.0/log/writer.go:209 [log.(*Writer).withStackTrace]
/go/pkg/mod/github.com/goravel/framework@v1.18.0/log/writer.go:65 [log.(*Writer).Errorf]
/go/pkg/mod/github.com/goravel/framework@v1.18.0/database/db/logger.go:79 [db.(*Logger).Errorf]
/go/pkg/mod/github.com/goravel/framework@v1.18.0/database/db/logger.go:102 [db.(*Logger).Trace]
/go/pkg/mod/github.com/goravel/framework@v1.18.0/database/db/logger.go:153 [db.(*Gorm).Trace]
/go/pkg/mod/gorm.io/gorm@v1.31.2/callbacks.go:140 [gorm.(*processor).Execute]
/go/pkg/mod/gorm.io/gorm@v1.31.2/finisher_api.go:182 [gorm.(*DB).Find]
/go/pkg/mod/github.com/goravel/framework@v1.18.0/database/gorm/query.go:278 [gorm.(*Query).Find]
/go/pkg/mod/github.com/goravel/framework@v1.18.0/database/gorm/query.go:425 [gorm.(*Query).Get]
/app/app/services/hrm_attend_sync.go:331 [services.(*HrmAttendService).AggregatedMonthlySummaries]
/app/app/services/hrm_attend_service.go:148 [services.(*HrmAttendService).MonthlySummaries]
/app/app/services/dashboard_analytics_service.go:290 [services.(*DashboardAnalyticsService).AttendanceTrends]
/app/app/services/dashboard_analytics_service.go:342 [services.(*DashboardAnalyticsService).NationalAttendanceSummary]
/app/app/services/dashboard_analytics_service.go:419 [services.(*DashboardAnalyticsService).AnalyticsBundle]
/app/app/services/pms_services.go:693 [services.(*DashboardService).HRManagerDashboard]
/app/app/http/controllers/pms_controllers.go:130 [controllers.(*DashboardController).HRManager]
/go/pkg/mod/github.com/goravel/gin@v1.18.0/utils.go:37 [gin.(*Group).Get.handlerToGinHandler.func1]
/go/pkg/mod/github.com/gin-gonic/gin@v1.12.0/context.go:192 [gin.(*Context).Next]
/go/pkg/mod/github.com/goravel/gin@v1.18.0/context_request.go:233 [gin.(*ContextRequest).Next]
/go/pkg/mod/github.com/goravel/gin@v1.18.0/context_response.go:164 [gin.(*responseMiddleware).Handle]
/go/pkg/mod/github.com/goravel/gin@v1.18.0/utils.go:66 [gin.(*Group).WithMiddlewares.middlewaresToGinHandlers.middlewareToGinHandler.func1]
/go/pkg/mod/github.com/gin-gonic/gin@v1.12.0/context.go:192 [gin.(*Context).Next]
/go/pkg/mod/github.com/goravel/gin@v1.18.0/context_request.go:233 [gin.(*ContextRequest).Next]
/app/app/middleware/authenticate.go:90 [middleware.(*RequirePermission).Handle]
/go/pkg/mod/github.com/goravel/gin@v1.18.0/utils.go:66 [gin.(*Group).WithMiddlewares.middlewaresToGinHandlers.middlewareToGinHandler.func1]
/go/pkg/mod/github.com/gin-gonic/gin@v1.12.0/context.go:192 [gin.(*Context).Next]
/go/pkg/mod/github.com/goravel/gin@v1.18.0/context_request.go:233 [gin.(*ContextRequest).Next]
/app/app/middleware/authenticate.go:59 [middleware.(*Authenticate).Handle]
/go/pkg/mod/github.com/goravel/gin@v1.18.0/utils.go:66 [gin.(*Group).WithMiddlewares.middlewaresToGinHandlers.middlewareToGinHandler.func1]
/go/pkg/mod/github.com/gin-gonic/gin@v1.12.0/context.go:192 [gin.(*Context).Next]
/go/pkg/mod/github.com/goravel/gin@v1.18.0/context_request.go:233 [gin.(*ContextRequest).Next]
/go/pkg/mod/github.com/goravel/framework@v1.18.0/http/middleware/check_for_maintenance_mode.go:34 [middleware.(*maintenanceMode).Handle]
/go/pkg/mod/github.com/goravel/gin@v1.18.0/utils.go:66 [gin.(*Route).init.middlewaresToGinHandlers.middlewareToGinHandler.func1]
/go/pkg/mod/github.com/gin-gonic/gin@v1.12.0/context.go:192 [gin.(*Context).Next]
/go/pkg/mod/github.com/goravel/gin@v1.18.0/context_request.go:233 [gin.(*ContextRequest).Next]
/go/pkg/mod/github.com/goravel/gin@v1.18.0/middleware_tls.go:23 [gin.(*TlsMiddleware).Handle]
/go/pkg/mod/github.com/goravel/gin@v1.18.0/utils.go:66 [gin.(*Route).init.middlewaresToGinHandlers.middlewareToGinHandler.func1]
/go/pkg/mod/github.com/gin-gonic/gin@v1.12.0/context.go:192 [gin.(*Context).Next]
/go/pkg/mod/github.com/goravel/gin@v1.18.0/context_request.go:233 [gin.(*ContextRequest).Next]
/go/pkg/mod/github.com/goravel/gin@v1.18.0/middleware_cors.go:68 [gin.(*CorsMiddleware).Handle]
/go/pkg/mod/github.com/goravel/gin@v1.18.0/utils.go:66 [gin.(*Route).init.middlewaresToGinHandlers.middlewareToGinHandler.func1]
/go/pkg/mod/github.com/gin-gonic/gin@v1.12.0/context.go:192 [gin.(*Context).Next]
[2026-07-09 08:38:07.578] production.error: [0.098ms] [rows:0] SELECT * FROM `staff_attendance_monthly_summaries` WHERE year_month >= '2026-02' ORDER BY year_month asc	Error 1064 (42000): You have an error in your SQL syntax; check the manual that corresponds to your MySQL server version for the right syntax to use near 'year_month >= ? ORDER BY year_month asc' at line 1
[Context] map[trace.traceContextKeyType:{Span:<nil> sc:{traceID:[0 0 0 0 0 0 0 0 0 0 0 0 0 0 0 0] spanID:[0 0 0 0 0 0 0 0] traceFlags:0 traceState:{list:[]} remote:false}}]
[Trace] /go/pkg/mod/github.com/goravel/framework@v1.18.0/log/writer.go:209 [log.(*Writer).withStackTrace]
/go/pkg/mod/github.com/goravel/framework@v1.18.0/log/writer.go:65 [log.(*Writer).Errorf]
/go/pkg/mod/github.com/goravel/framework@v1.18.0/database/db/logger.go:79 [db.(*Logger).Errorf]
/go/pkg/mod/github.com/goravel/framework@v1.18.0/database/db/logger.go:102 [db.(*Logger).Trace]
/go/pkg/mod/github.com/goravel/framework@v1.18.0/database/db/logger.go:153 [db.(*Gorm).Trace]
/go/pkg/mod/gorm.io/gorm@v1.31.2/callbacks.go:140 [gorm.(*processor).Execute]
/go/pkg/mod/gorm.io/gorm@v1.31.2/finisher_api.go:182 [gorm.(*DB).Find]
/go/pkg/mod/github.com/goravel/framework@v1.18.0/database/gorm/query.go:278 [gorm.(*Query).Find]
/go/pkg/mod/github.com/goravel/framework@v1.18.0/database/gorm/query.go:425 [gorm.(*Query).Get]
/app/app/services/hrm_attend_sync.go:331 [services.(*HrmAttendService).AggregatedMonthlySummaries]
/app/app/services/hrm_attend_service.go:148 [services.(*HrmAttendService).MonthlySummaries]
/app/app/services/dashboard_analytics_service.go:290 [services.(*DashboardAnalyticsService).AttendanceTrends]
/app/app/services/dashboard_analytics_service.go:420 [services.(*DashboardAnalyticsService).AnalyticsBundle]
/app/app/services/pms_services.go:693 [services.(*DashboardService).HRManagerDashboard]
/app/app/http/controllers/pms_controllers.go:130 [controllers.(*DashboardController).HRManager]
/go/pkg/mod/github.com/goravel/gin@v1.18.0/utils.go:37 [gin.(*Group).Get.handlerToGinHandler.func1]
/go/pkg/mod/github.com/gin-gonic/gin@v1.12.0/context.go:192 [gin.(*Context).Next]
/go/pkg/mod/github.com/goravel/gin@v1.18.0/context_request.go:233 [gin.(*ContextRequest).Next]
/go/pkg/mod/github.com/goravel/gin@v1.18.0/context_response.go:164 [gin.(*responseMiddleware).Handle]
/go/pkg/mod/github.com/goravel/gin@v1.18.0/utils.go:66 [gin.(*Group).WithMiddlewares.middlewaresToGinHandlers.middlewareToGinHandler.func1]
/go/pkg/mod/github.com/gin-gonic/gin@v1.12.0/context.go:192 [gin.(*Context).Next]
/go/pkg/mod/github.com/goravel/gin@v1.18.0/context_request.go:233 [gin.(*ContextRequest).Next]
/app/app/middleware/authenticate.go:90 [middleware.(*RequirePermission).Handle]
/go/pkg/mod/github.com/goravel/gin@v1.18.0/utils.go:66 [gin.(*Group).WithMiddlewares.middlewaresToGinHandlers.middlewareToGinHandler.func1]
/go/pkg/mod/github.com/gin-gonic/gin@v1.12.0/context.go:192 [gin.(*Context).Next]
/go/pkg/mod/github.com/goravel/gin@v1.18.0/context_request.go:233 [gin.(*ContextRequest).Next]
/app/app/middleware/authenticate.go:59 [middleware.(*Authenticate).Handle]
/go/pkg/mod/github.com/goravel/gin@v1.18.0/utils.go:66 [gin.(*Group).WithMiddlewares.middlewaresToGinHandlers.middlewareToGinHandler.func1]
/go/pkg/mod/github.com/gin-gonic/gin@v1.12.0/context.go:192 [gin.(*Context).Next]
/go/pkg/mod/github.com/goravel/gin@v1.18.0/context_request.go:233 [gin.(*ContextRequest).Next]
/go/pkg/mod/github.com/goravel/framework@v1.18.0/http/middleware/check_for_maintenance_mode.go:34 [middleware.(*maintenanceMode).Handle]
/go/pkg/mod/github.com/goravel/gin@v1.18.0/utils.go:66 [gin.(*Route).init.middlewaresToGinHandlers.middlewareToGinHandler.func1]
/go/pkg/mod/github.com/gin-gonic/gin@v1.12.0/context.go:192 [gin.(*Context).Next]
/go/pkg/mod/github.com/goravel/gin@v1.18.0/context_request.go:233 [gin.(*ContextRequest).Next]
/go/pkg/mod/github.com/goravel/gin@v1.18.0/middleware_tls.go:23 [gin.(*TlsMiddleware).Handle]
/go/pkg/mod/github.com/goravel/gin@v1.18.0/utils.go:66 [gin.(*Route).init.middlewaresToGinHandlers.middlewareToGinHandler.func1]
/go/pkg/mod/github.com/gin-gonic/gin@v1.12.0/context.go:192 [gin.(*Context).Next]
/go/pkg/mod/github.com/goravel/gin@v1.18.0/context_request.go:233 [gin.(*ContextRequest).Next]
/go/pkg/mod/github.com/goravel/gin@v1.18.0/middleware_cors.go:68 [gin.(*CorsMiddleware).Handle]
/go/pkg/mod/github.com/goravel/gin@v1.18.0/utils.go:66 [gin.(*Route).init.middlewaresToGinHandlers.middlewareToGinHandler.func1]
/go/pkg/mod/github.com/gin-gonic/gin@v1.12.0/context.go:192 [gin.(*Context).Next]
