[2026-07-10 06:45:48.095] production.error: [1.362ms] [rows:0] SELECT * FROM `staff_attendance_monthly_summaries` WHERE year_month >= '2026-04' ORDER BY year_month asc	Error 1064 (42000): You have an error in your SQL syntax; check the manual that corresponds to your MySQL server version for the right syntax to use near 'year_month >= ? ORDER BY year_month asc' at line 1
[Context] map[trace.traceContextKeyType:{Span:<nil> sc:{traceID:[0 0 0 0 0 0 0 0 0 0 0 0 0 0 0 0] spanID:[0 0 0 0 0 0 0 0] traceFlags:0 traceState:{list:[]} remote:false}}]
[Trace] /go/pkg/mod/github.com/goravel/framework@v1.18.0/log/writer.go:209 [log.(*Writer).withStackTrace]
/go/pkg/mod/github.com/goravel/framework@v1.18.0/log/writer.go:65 [log.(*Writer).Errorf]
/go/pkg/mod/github.com/goravel/framework@v1.18.0/database/db/logger.go:79 [db.(*Logger).Errorf]
/go/pkg/mod/github.com/goravel/framework@v1.18.0/database/db/logger.go:102 [db.(*Logger).Trace]
/go/pkg/mod/github.com/goravel/framework@v1.18.0/database/db/logger.go:153 [db.(*Gorm).Trace]
/go/pkg/mod/gorm.io/gorm@v1.31.2/callbacks.go:140 [gorm.(*processor).Execute]
/go/pkg/mod/gorm.io/gorm@v1.31.2/finisher_api.go:182 [gorm.(*DB).Find]
/go/pkg/mod/github.com/goravel/framework@v1.18.0/database/gorm/query.go:278 [gorm.(*Query).Find]
/go/pkg/mod/github.com/goravel/framework@v1.18.0/database/gorm/query.go:425 [gorm.(*Query).Get]
/app/app/services/hrm_attend_sync.go:331 [services.(*HrmAttendService).AggregatedMonthlySummaries]
/app/app/services/hrm_attend_service.go:148 [services.(*HrmAttendService).MonthlySummaries]
/app/app/services/dashboard_analytics_service.go:290 [services.(*DashboardAnalyticsService).AttendanceTrends]
/app/app/services/dashboard_analytics_service.go:342 [services.(*DashboardAnalyticsService).NationalAttendanceSummary]
/app/app/services/dashboard_analytics_service.go:419 [services.(*DashboardAnalyticsService).AnalyticsBundle]
/app/app/services/pms_services.go:540 [services.(*DashboardService).HealthWorkerDashboard]
/app/app/http/controllers/pms_controllers.go:102 [controllers.(*DashboardController).HealthWorker]
/go/pkg/mod/github.com/goravel/gin@v1.18.0/utils.go:37 [gin.(*Group).Get.handlerToGinHandler.func1]
/go/pkg/mod/github.com/gin-gonic/gin@v1.12.0/context.go:192 [gin.(*Context).Next]
/go/pkg/mod/github.com/goravel/gin@v1.18.0/context_request.go:233 [gin.(*ContextRequest).Next]
/go/pkg/mod/github.com/goravel/gin@v1.18.0/context_response.go:164 [gin.(*responseMiddleware).Handle]
/go/pkg/mod/github.com/goravel/gin@v1.18.0/utils.go:66 [gin.(*Group).WithMiddlewares.middlewaresToGinHandlers.middlewareToGinHandler.func1]
/go/pkg/mod/github.com/gin-gonic/gin@v1.12.0/context.go:192 [gin.(*Context).Next]
/go/pkg/mod/github.com/goravel/gin@v1.18.0/context_request.go:233 [gin.(*ContextRequest).Next]
/app/app/middleware/authenticate.go:90 [middleware.(*RequirePermission).Handle]
/go/pkg/mod/github.com/goravel/gin@v1.18.0/utils.go:66 [gin.(*Group).WithMiddlewares.middlewaresToGinHandlers.middlewareToGinHandler.func1]
/go/pkg/mod/github.com/gin-gonic/gin@v1.12.0/context.go:192 [gin.(*Context).Next]
/go/pkg/mod/github.com/goravel/gin@v1.18.0/context_request.go:233 [gin.(*ContextRequest).Next]
/app/app/middleware/authenticate.go:59 [middleware.(*Authenticate).Handle]
/go/pkg/mod/github.com/goravel/gin@v1.18.0/utils.go:66 [gin.(*Group).WithMiddlewares.middlewaresToGinHandlers.middlewareToGinHandler.func1]
/go/pkg/mod/github.com/gin-gonic/gin@v1.12.0/context.go:192 [gin.(*Context).Next]
/go/pkg/mod/github.com/goravel/gin@v1.18.0/context_request.go:233 [gin.(*ContextRequest).Next]
/go/pkg/mod/github.com/goravel/framework@v1.18.0/http/middleware/check_for_maintenance_mode.go:34 [middleware.(*maintenanceMode).Handle]
/go/pkg/mod/github.com/goravel/gin@v1.18.0/utils.go:66 [gin.(*Route).init.middlewaresToGinHandlers.middlewareToGinHandler.func1]
/go/pkg/mod/github.com/gin-gonic/gin@v1.12.0/context.go:192 [gin.(*Context).Next]
/go/pkg/mod/github.com/goravel/gin@v1.18.0/context_request.go:233 [gin.(*ContextRequest).Next]
/go/pkg/mod/github.com/goravel/gin@v1.18.0/middleware_tls.go:23 [gin.(*TlsMiddleware).Handle]
/go/pkg/mod/github.com/goravel/gin@v1.18.0/utils.go:66 [gin.(*Route).init.middlewaresToGinHandlers.middlewareToGinHandler.func1]
/go/pkg/mod/github.com/gin-gonic/gin@v1.12.0/context.go:192 [gin.(*Context).Next]
/go/pkg/mod/github.com/goravel/gin@v1.18.0/context_request.go:233 [gin.(*ContextRequest).Next]
/go/pkg/mod/github.com/goravel/gin@v1.18.0/middleware_cors.go:68 [gin.(*CorsMiddleware).Handle]
/go/pkg/mod/github.com/goravel/gin@v1.18.0/utils.go:66 [gin.(*Route).init.middlewaresToGinHandlers.middlewareToGinHandler.func1]
/go/pkg/mod/github.com/gin-gonic/gin@v1.12.0/context.go:192 [gin.(*Context).Next]
[2026-07-10 06:45:48.109] production.error: [0.084ms] [rows:0] SELECT * FROM `staff_attendance_monthly_summaries` WHERE year_month >= '2026-02' ORDER BY year_month asc	Error 1064 (42000): You have an error in your SQL syntax; check the manual that corresponds to your MySQL server version for the right syntax to use near 'year_month >= ? ORDER BY year_month asc' at line 1
[Context] map[trace.traceContextKeyType:{Span:<nil> sc:{traceID:[0 0 0 0 0 0 0 0 0 0 0 0 0 0 0 0] spanID:[0 0 0 0 0 0 0 0] traceFlags:0 traceState:{list:[]} remote:false}}]
[Trace] /go/pkg/mod/github.com/goravel/framework@v1.18.0/log/writer.go:209 [log.(*Writer).withStackTrace]
/go/pkg/mod/github.com/goravel/framework@v1.18.0/log/writer.go:65 [log.(*Writer).Errorf]
/go/pkg/mod/github.com/goravel/framework@v1.18.0/database/db/logger.go:79 [db.(*Logger).Errorf]
/go/pkg/mod/github.com/goravel/framework@v1.18.0/database/db/logger.go:102 [db.(*Logger).Trace]
/go/pkg/mod/github.com/goravel/framework@v1.18.0/database/db/logger.go:153 [db.(*Gorm).Trace]
/go/pkg/mod/gorm.io/gorm@v1.31.2/callbacks.go:140 [gorm.(*processor).Execute]
/go/pkg/mod/gorm.io/gorm@v1.31.2/finisher_api.go:182 [gorm.(*DB).Find]
/go/pkg/mod/github.com/goravel/framework@v1.18.0/database/gorm/query.go:278 [gorm.(*Query).Find]
/go/pkg/mod/github.com/goravel/framework@v1.18.0/database/gorm/query.go:425 [gorm.(*Query).Get]
/app/app/services/hrm_attend_sync.go:331 [services.(*HrmAttendService).AggregatedMonthlySummaries]
/app/app/services/hrm_attend_service.go:148 [services.(*HrmAttendService).MonthlySummaries]
/app/app/services/dashboard_analytics_service.go:290 [services.(*DashboardAnalyticsService).AttendanceTrends]
/app/app/services/dashboard_analytics_service.go:420 [services.(*DashboardAnalyticsService).AnalyticsBundle]
/app/app/services/pms_services.go:540 [services.(*DashboardService).HealthWorkerDashboard]
/app/app/http/controllers/pms_controllers.go:102 [controllers.(*DashboardController).HealthWorker]
/go/pkg/mod/github.com/goravel/gin@v1.18.0/utils.go:37 [gin.(*Group).Get.handlerToGinHandler.func1]
/go/pkg/mod/github.com/gin-gonic/gin@v1.12.0/context.go:192 [gin.(*Context).Next]
/go/pkg/mod/github.com/goravel/gin@v1.18.0/context_request.go:233 [gin.(*ContextRequest).Next]
/go/pkg/mod/github.com/goravel/gin@v1.18.0/context_response.go:164 [gin.(*responseMiddleware).Handle]
/go/pkg/mod/github.com/goravel/gin@v1.18.0/utils.go:66 [gin.(*Group).WithMiddlewares.middlewaresToGinHandlers.middlewareToGinHandler.func1]
/go/pkg/mod/github.com/gin-gonic/gin@v1.12.0/context.go:192 [gin.(*Context).Next]
/go/pkg/mod/github.com/goravel/gin@v1.18.0/context_request.go:233 [gin.(*ContextRequest).Next]
/app/app/middleware/authenticate.go:90 [middleware.(*RequirePermission).Handle]
/go/pkg/mod/github.com/goravel/gin@v1.18.0/utils.go:66 [gin.(*Group).WithMiddlewares.middlewaresToGinHandlers.middlewareToGinHandler.func1]
/go/pkg/mod/github.com/gin-gonic/gin@v1.12.0/context.go:192 [gin.(*Context).Next]
/go/pkg/mod/github.com/goravel/gin@v1.18.0/context_request.go:233 [gin.(*ContextRequest).Next]
/app/app/middleware/authenticate.go:59 [middleware.(*Authenticate).Handle]
/go/pkg/mod/github.com/goravel/gin@v1.18.0/utils.go:66 [gin.(*Group).WithMiddlewares.middlewaresToGinHandlers.middlewareToGinHandler.func1]
/go/pkg/mod/github.com/gin-gonic/gin@v1.12.0/context.go:192 [gin.(*Context).Next]
/go/pkg/mod/github.com/goravel/gin@v1.18.0/context_request.go:233 [gin.(*ContextRequest).Next]
/go/pkg/mod/github.com/goravel/framework@v1.18.0/http/middleware/check_for_maintenance_mode.go:34 [middleware.(*maintenanceMode).Handle]
/go/pkg/mod/github.com/goravel/gin@v1.18.0/utils.go:66 [gin.(*Route).init.middlewaresToGinHandlers.middlewareToGinHandler.func1]
/go/pkg/mod/github.com/gin-gonic/gin@v1.12.0/context.go:192 [gin.(*Context).Next]
/go/pkg/mod/github.com/goravel/gin@v1.18.0/context_request.go:233 [gin.(*ContextRequest).Next]
/go/pkg/mod/github.com/goravel/gin@v1.18.0/middleware_tls.go:23 [gin.(*TlsMiddleware).Handle]
/go/pkg/mod/github.com/goravel/gin@v1.18.0/utils.go:66 [gin.(*Route).init.middlewaresToGinHandlers.middlewareToGinHandler.func1]
/go/pkg/mod/github.com/gin-gonic/gin@v1.12.0/context.go:192 [gin.(*Context).Next]
/go/pkg/mod/github.com/goravel/gin@v1.18.0/context_request.go:233 [gin.(*ContextRequest).Next]
/go/pkg/mod/github.com/goravel/gin@v1.18.0/middleware_cors.go:68 [gin.(*CorsMiddleware).Handle]
/go/pkg/mod/github.com/goravel/gin@v1.18.0/utils.go:66 [gin.(*Route).init.middlewaresToGinHandlers.middlewareToGinHandler.func1]
/go/pkg/mod/github.com/gin-gonic/gin@v1.12.0/context.go:192 [gin.(*Context).Next]
[2026-07-10 06:50:41.848] production.error: [1.994ms] [rows:0] SELECT * FROM `staff_attendance_monthly_summaries` WHERE year_month >= '2026-04' ORDER BY year_month asc	Error 1064 (42000): You have an error in your SQL syntax; check the manual that corresponds to your MySQL server version for the right syntax to use near 'year_month >= ? ORDER BY year_month asc' at line 1
[Context] map[trace.traceContextKeyType:{Span:<nil> sc:{traceID:[0 0 0 0 0 0 0 0 0 0 0 0 0 0 0 0] spanID:[0 0 0 0 0 0 0 0] traceFlags:0 traceState:{list:[]} remote:false}}]
[Trace] /go/pkg/mod/github.com/goravel/framework@v1.18.0/log/writer.go:209 [log.(*Writer).withStackTrace]
/go/pkg/mod/github.com/goravel/framework@v1.18.0/log/writer.go:65 [log.(*Writer).Errorf]
/go/pkg/mod/github.com/goravel/framework@v1.18.0/database/db/logger.go:79 [db.(*Logger).Errorf]
/go/pkg/mod/github.com/goravel/framework@v1.18.0/database/db/logger.go:102 [db.(*Logger).Trace]
/go/pkg/mod/github.com/goravel/framework@v1.18.0/database/db/logger.go:153 [db.(*Gorm).Trace]
/go/pkg/mod/gorm.io/gorm@v1.31.2/callbacks.go:140 [gorm.(*processor).Execute]
/go/pkg/mod/gorm.io/gorm@v1.31.2/finisher_api.go:182 [gorm.(*DB).Find]
/go/pkg/mod/github.com/goravel/framework@v1.18.0/database/gorm/query.go:278 [gorm.(*Query).Find]
/go/pkg/mod/github.com/goravel/framework@v1.18.0/database/gorm/query.go:425 [gorm.(*Query).Get]
/app/app/services/hrm_attend_sync.go:331 [services.(*HrmAttendService).AggregatedMonthlySummaries]
/app/app/services/hrm_attend_service.go:148 [services.(*HrmAttendService).MonthlySummaries]
/app/app/services/dashboard_analytics_service.go:290 [services.(*DashboardAnalyticsService).AttendanceTrends]
/app/app/services/dashboard_analytics_service.go:342 [services.(*DashboardAnalyticsService).NationalAttendanceSummary]
/app/app/services/dashboard_analytics_service.go:419 [services.(*DashboardAnalyticsService).AnalyticsBundle]
/app/app/services/pms_services.go:693 [services.(*DashboardService).HRManagerDashboard]
/app/app/http/controllers/pms_controllers.go:130 [controllers.(*DashboardController).HRManager]
/go/pkg/mod/github.com/goravel/gin@v1.18.0/utils.go:37 [gin.(*Group).Get.handlerToGinHandler.func1]
/go/pkg/mod/github.com/gin-gonic/gin@v1.12.0/context.go:192 [gin.(*Context).Next]
/go/pkg/mod/github.com/goravel/gin@v1.18.0/context_request.go:233 [gin.(*ContextRequest).Next]
/go/pkg/mod/github.com/goravel/gin@v1.18.0/context_response.go:164 [gin.(*responseMiddleware).Handle]
/go/pkg/mod/github.com/goravel/gin@v1.18.0/utils.go:66 [gin.(*Group).WithMiddlewares.middlewaresToGinHandlers.middlewareToGinHandler.func1]
/go/pkg/mod/github.com/gin-gonic/gin@v1.12.0/context.go:192 [gin.(*Context).Next]
/go/pkg/mod/github.com/goravel/gin@v1.18.0/context_request.go:233 [gin.(*ContextRequest).Next]
/app/app/middleware/authenticate.go:90 [middleware.(*RequirePermission).Handle]
/go/pkg/mod/github.com/goravel/gin@v1.18.0/utils.go:66 [gin.(*Group).WithMiddlewares.middlewaresToGinHandlers.middlewareToGinHandler.func1]
/go/pkg/mod/github.com/gin-gonic/gin@v1.12.0/context.go:192 [gin.(*Context).Next]
/go/pkg/mod/github.com/goravel/gin@v1.18.0/context_request.go:233 [gin.(*ContextRequest).Next]
/app/app/middleware/authenticate.go:59 [middleware.(*Authenticate).Handle]
/go/pkg/mod/github.com/goravel/gin@v1.18.0/utils.go:66 [gin.(*Group).WithMiddlewares.middlewaresToGinHandlers.middlewareToGinHandler.func1]
/go/pkg/mod/github.com/gin-gonic/gin@v1.12.0/context.go:192 [gin.(*Context).Next]
/go/pkg/mod/github.com/goravel/gin@v1.18.0/context_request.go:233 [gin.(*ContextRequest).Next]
/go/pkg/mod/github.com/goravel/framework@v1.18.0/http/middleware/check_for_maintenance_mode.go:34 [middleware.(*maintenanceMode).Handle]
/go/pkg/mod/github.com/goravel/gin@v1.18.0/utils.go:66 [gin.(*Route).init.middlewaresToGinHandlers.middlewareToGinHandler.func1]
/go/pkg/mod/github.com/gin-gonic/gin@v1.12.0/context.go:192 [gin.(*Context).Next]
/go/pkg/mod/github.com/goravel/gin@v1.18.0/context_request.go:233 [gin.(*ContextRequest).Next]
/go/pkg/mod/github.com/goravel/gin@v1.18.0/middleware_tls.go:23 [gin.(*TlsMiddleware).Handle]
/go/pkg/mod/github.com/goravel/gin@v1.18.0/utils.go:66 [gin.(*Route).init.middlewaresToGinHandlers.middlewareToGinHandler.func1]
/go/pkg/mod/github.com/gin-gonic/gin@v1.12.0/context.go:192 [gin.(*Context).Next]
/go/pkg/mod/github.com/goravel/gin@v1.18.0/context_request.go:233 [gin.(*ContextRequest).Next]
/go/pkg/mod/github.com/goravel/gin@v1.18.0/middleware_cors.go:68 [gin.(*CorsMiddleware).Handle]
/go/pkg/mod/github.com/goravel/gin@v1.18.0/utils.go:66 [gin.(*Route).init.middlewaresToGinHandlers.middlewareToGinHandler.func1]
/go/pkg/mod/github.com/gin-gonic/gin@v1.12.0/context.go:192 [gin.(*Context).Next]
[2026-07-10 06:50:41.851] production.error: [0.081ms] [rows:0] SELECT * FROM `staff_attendance_monthly_summaries` WHERE year_month >= '2026-02' ORDER BY year_month asc	Error 1064 (42000): You have an error in your SQL syntax; check the manual that corresponds to your MySQL server version for the right syntax to use near 'year_month >= ? ORDER BY year_month asc' at line 1
[Context] map[trace.traceContextKeyType:{Span:<nil> sc:{traceID:[0 0 0 0 0 0 0 0 0 0 0 0 0 0 0 0] spanID:[0 0 0 0 0 0 0 0] traceFlags:0 traceState:{list:[]} remote:false}}]
[Trace] /go/pkg/mod/github.com/goravel/framework@v1.18.0/log/writer.go:209 [log.(*Writer).withStackTrace]
/go/pkg/mod/github.com/goravel/framework@v1.18.0/log/writer.go:65 [log.(*Writer).Errorf]
/go/pkg/mod/github.com/goravel/framework@v1.18.0/database/db/logger.go:79 [db.(*Logger).Errorf]
/go/pkg/mod/github.com/goravel/framework@v1.18.0/database/db/logger.go:102 [db.(*Logger).Trace]
/go/pkg/mod/github.com/goravel/framework@v1.18.0/database/db/logger.go:153 [db.(*Gorm).Trace]
/go/pkg/mod/gorm.io/gorm@v1.31.2/callbacks.go:140 [gorm.(*processor).Execute]
/go/pkg/mod/gorm.io/gorm@v1.31.2/finisher_api.go:182 [gorm.(*DB).Find]
/go/pkg/mod/github.com/goravel/framework@v1.18.0/database/gorm/query.go:278 [gorm.(*Query).Find]
/go/pkg/mod/github.com/goravel/framework@v1.18.0/database/gorm/query.go:425 [gorm.(*Query).Get]
/app/app/services/hrm_attend_sync.go:331 [services.(*HrmAttendService).AggregatedMonthlySummaries]
/app/app/services/hrm_attend_service.go:148 [services.(*HrmAttendService).MonthlySummaries]
/app/app/services/dashboard_analytics_service.go:290 [services.(*DashboardAnalyticsService).AttendanceTrends]
/app/app/services/dashboard_analytics_service.go:420 [services.(*DashboardAnalyticsService).AnalyticsBundle]
/app/app/services/pms_services.go:693 [services.(*DashboardService).HRManagerDashboard]
/app/app/http/controllers/pms_controllers.go:130 [controllers.(*DashboardController).HRManager]
/go/pkg/mod/github.com/goravel/gin@v1.18.0/utils.go:37 [gin.(*Group).Get.handlerToGinHandler.func1]
/go/pkg/mod/github.com/gin-gonic/gin@v1.12.0/context.go:192 [gin.(*Context).Next]
/go/pkg/mod/github.com/goravel/gin@v1.18.0/context_request.go:233 [gin.(*ContextRequest).Next]
/go/pkg/mod/github.com/goravel/gin@v1.18.0/context_response.go:164 [gin.(*responseMiddleware).Handle]
/go/pkg/mod/github.com/goravel/gin@v1.18.0/utils.go:66 [gin.(*Group).WithMiddlewares.middlewaresToGinHandlers.middlewareToGinHandler.func1]
/go/pkg/mod/github.com/gin-gonic/gin@v1.12.0/context.go:192 [gin.(*Context).Next]
/go/pkg/mod/github.com/goravel/gin@v1.18.0/context_request.go:233 [gin.(*ContextRequest).Next]
/app/app/middleware/authenticate.go:90 [middleware.(*RequirePermission).Handle]
/go/pkg/mod/github.com/goravel/gin@v1.18.0/utils.go:66 [gin.(*Group).WithMiddlewares.middlewaresToGinHandlers.middlewareToGinHandler.func1]
/go/pkg/mod/github.com/gin-gonic/gin@v1.12.0/context.go:192 [gin.(*Context).Next]
/go/pkg/mod/github.com/goravel/gin@v1.18.0/context_request.go:233 [gin.(*ContextRequest).Next]
/app/app/middleware/authenticate.go:59 [middleware.(*Authenticate).Handle]
/go/pkg/mod/github.com/goravel/gin@v1.18.0/utils.go:66 [gin.(*Group).WithMiddlewares.middlewaresToGinHandlers.middlewareToGinHandler.func1]
/go/pkg/mod/github.com/gin-gonic/gin@v1.12.0/context.go:192 [gin.(*Context).Next]
/go/pkg/mod/github.com/goravel/gin@v1.18.0/context_request.go:233 [gin.(*ContextRequest).Next]
/go/pkg/mod/github.com/goravel/framework@v1.18.0/http/middleware/check_for_maintenance_mode.go:34 [middleware.(*maintenanceMode).Handle]
/go/pkg/mod/github.com/goravel/gin@v1.18.0/utils.go:66 [gin.(*Route).init.middlewaresToGinHandlers.middlewareToGinHandler.func1]
/go/pkg/mod/github.com/gin-gonic/gin@v1.12.0/context.go:192 [gin.(*Context).Next]
/go/pkg/mod/github.com/goravel/gin@v1.18.0/context_request.go:233 [gin.(*ContextRequest).Next]
/go/pkg/mod/github.com/goravel/gin@v1.18.0/middleware_tls.go:23 [gin.(*TlsMiddleware).Handle]
/go/pkg/mod/github.com/goravel/gin@v1.18.0/utils.go:66 [gin.(*Route).init.middlewaresToGinHandlers.middlewareToGinHandler.func1]
/go/pkg/mod/github.com/gin-gonic/gin@v1.12.0/context.go:192 [gin.(*Context).Next]
/go/pkg/mod/github.com/goravel/gin@v1.18.0/context_request.go:233 [gin.(*ContextRequest).Next]
/go/pkg/mod/github.com/goravel/gin@v1.18.0/middleware_cors.go:68 [gin.(*CorsMiddleware).Handle]
/go/pkg/mod/github.com/goravel/gin@v1.18.0/utils.go:66 [gin.(*Route).init.middlewaresToGinHandlers.middlewareToGinHandler.func1]
/go/pkg/mod/github.com/gin-gonic/gin@v1.12.0/context.go:192 [gin.(*Context).Next]
